Using pre-set license
Built from '2020.3/staging' branch; Version is '2020.3.29f1 (2ff179115da0) revision 3142009'; Using compiler version '192528614'; Build Type 'Release'
OS: 'Windows 10  (10.0.19043) 64bit Professional' Language: 'ru' Physical Memory: 16301 MB
BatchMode: 1, IsHumanControllingUs: 0, StartBugReporterOnCrash: 0, Is64bit: 1, IsPro: 0

COMMAND LINE ARGUMENTS:
C:\Program Files\Unity\Hub\Editor\2020.3.29f1\Editor\Unity.exe
-adb2
-batchMode
-noUpm
-name
AssetImportWorker0
-projectPath
B:/unity/UnBlock 3D
-logFile
Logs/AssetImportWorker0.log
-srvPort
54349
Successfully changed project path to: B:/unity/UnBlock 3D
B:/unity/UnBlock 3D
Using Asset Import Pipeline V2.
Refreshing native plugins compatible for Editor in 29.79 ms, found 2 plugins.
Preloading 0 native plugins for Editor in 0.00 ms.
Initialize engine version: 2020.3.29f1 (2ff179115da0)
[Subsystems] Discovering subsystems at path C:/Program Files/Unity/Hub/Editor/2020.3.29f1/Editor/Data/Resources/UnitySubsystems
[Subsystems] Discovering subsystems at path B:/unity/UnBlock 3D/Assets
GfxDevice: creating device client; threaded=0
Direct3D:
    Version:  Direct3D 11.0 [level 11.1]
    Renderer: NVIDIA GeForce GTX 1660 (ID=0x2184)
    Vendor:   
    VRAM:     5991 MB
    Driver:   30.0.14.9676
Initialize mono
Mono path[0] = 'C:/Program Files/Unity/Hub/Editor/2020.3.29f1/Editor/Data/Managed'
Mono path[1] = 'C:/Program Files/Unity/Hub/Editor/2020.3.29f1/Editor/Data/MonoBleedingEdge/lib/mono/unityjit'
Mono config path = 'C:/Program Files/Unity/Hub/Editor/2020.3.29f1/Editor/Data/MonoBleedingEdge/etc'
Using monoOptions --debugger-agent=transport=dt_socket,embedding=1,server=y,suspend=n,address=127.0.0.1:56552
Begin MonoManager ReloadAssembly
Registering precompiled unity dll's ...
Register platform support module: C:/Program Files/Unity/Hub/Editor/2020.3.29f1/Editor/Data/PlaybackEngines/WebGLSupport/UnityEditor.WebGL.Extensions.dll
Register platform support module: C:/Program Files/Unity/Hub/Editor/2020.3.29f1/Editor/Data/PlaybackEngines/WindowsStandaloneSupport/UnityEditor.WindowsStandalone.Extensions.dll
Registered in 0.002491 seconds.
Native extension for WindowsStandalone target not found
Native extension for WebGL target not found
Refreshing native plugins compatible for Editor in 28.21 ms, found 2 plugins.
Preloading 0 native plugins for Editor in 0.00 ms.
Mono: successfully reloaded assembly
- Completed reload, in  0.553 seconds
Domain Reload Profiling:
	ReloadAssembly (553ms)
		BeginReloadAssembly (67ms)
			ExecutionOrderSort (0ms)
			DisableScriptedObjects (0ms)
			BackupInstance (0ms)
			ReleaseScriptingObjects (0ms)
			CreateAndSetChildDomain (1ms)
		EndReloadAssembly (418ms)
			LoadAssemblies (66ms)
			RebuildTransferFunctionScriptingTraits (0ms)
			SetupTypeCache (140ms)
			ReleaseScriptCaches (0ms)
			RebuildScriptCaches (28ms)
			SetupLoadedEditorAssemblies (148ms)
				LogAssemblyErrors (0ms)
				InitializePlatformSupportModulesInManaged (5ms)
				SetLoadedEditorAssemblies (0ms)
				RefreshPlugins (28ms)
				BeforeProcessingInitializeOnLoad (16ms)
				ProcessInitializeOnLoadAttributes (74ms)
				ProcessInitializeOnLoadMethodAttributes (25ms)
				AfterProcessingInitializeOnLoad (0ms)
				EditorAssembliesLoaded (0ms)
			ExecutionOrderSort2 (0ms)
			AwakeInstancesAfterBackupRestoration (0ms)
Platform modules already initialized, skipping
Registering precompiled user dll's ...
Registered in 0.001964 seconds.
Begin MonoManager ReloadAssembly
Native extension for WindowsStandalone target not found
Native extension for WebGL target not found
Refreshing native plugins compatible for Editor in 0.29 ms, found 2 plugins.
Preloading 0 native plugins for Editor in 0.00 ms.
Mono: successfully reloaded assembly
- Completed reload, in  0.935 seconds
Domain Reload Profiling:
	ReloadAssembly (936ms)
		BeginReloadAssembly (146ms)
			ExecutionOrderSort (0ms)
			DisableScriptedObjects (4ms)
			BackupInstance (0ms)
			ReleaseScriptingObjects (0ms)
			CreateAndSetChildDomain (17ms)
		EndReloadAssembly (730ms)
			LoadAssemblies (92ms)
			RebuildTransferFunctionScriptingTraits (0ms)
			SetupTypeCache (248ms)
			ReleaseScriptCaches (0ms)
			RebuildScriptCaches (38ms)
			SetupLoadedEditorAssemblies (278ms)
				LogAssemblyErrors (0ms)
				InitializePlatformSupportModulesInManaged (5ms)
				SetLoadedEditorAssemblies (0ms)
				RefreshPlugins (0ms)
				BeforeProcessingInitializeOnLoad (71ms)
				ProcessInitializeOnLoadAttributes (186ms)
				ProcessInitializeOnLoadMethodAttributes (8ms)
				AfterProcessingInitializeOnLoad (6ms)
				EditorAssembliesLoaded (0ms)
			ExecutionOrderSort2 (0ms)
			AwakeInstancesAfterBackupRestoration (6ms)
Platform modules already initialized, skipping
========================================================================
Worker process is ready to serve import requests
Launched and connected shader compiler UnityShaderCompiler.exe after 0.06 seconds
Refreshing native plugins compatible for Editor in 0.29 ms, found 2 plugins.
Preloading 0 native plugins for Editor in 0.00 ms.
Unloading 1503 Unused Serialized files (Serialized files now loaded: 0)
System memory in use before: 67.6 MB.
System memory in use after: 67.6 MB.

Unloading 16 unused Assets to reduce memory usage. Loaded Objects now: 1939.
Total: 2.590600 ms (FindLiveObjects: 0.103600 ms CreateObjectMapping: 0.038500 ms MarkObjects: 2.381100 ms  DeleteObjects: 0.066900 ms)

AssetImportParameters requested are different than current active one (requested -> active):
  custom:framework-win-MediaFoundation: 216162199b28c13a410421893ffa2e32 -> 
  custom:video-decoder-ogg-theora: a1e56fd34408186e4bbccfd4996cb3dc -> 
  custom:container-muxer-webm: aa71ff27fc2769a1b78a27578f13a17b -> 
  custom:container-demuxer-webm: 4f35f7cbe854078d1ac9338744f61a02 -> 
  custom:container-demuxer-ogg: 62fdf1f143b41e24485cea50d1cbac27 -> 
  custom:video-encoder-webm-vp8: eb34c28f22e8b96e1ab97ce403110664 -> 
  custom:video-decoder-webm-vp8: 9c59270c3fd7afecdb556c50c9e8de78 -> 
  custom:audio-decoder-ogg-vorbis: bf7c407c2cedff20999df2af8eb42d56 -> 
  custom:audio-encoder-webm-vorbis: bf7c407c2cedff20999df2af8eb42d56 -> 
========================================================================
Received Import Request.
  path: Assets/Scenes/lvl1.unity
  artifactKey: Guid(9fc0d4010bbf28b4594072e72b8655ab) Importer(815301076,1909f56bfc062723c751e8b465ee728b)
Start importing Assets/Scenes/lvl1.unity using Guid(9fc0d4010bbf28b4594072e72b8655ab) Importer(815301076,1909f56bfc062723c751e8b465ee728b)  -> (artifact id: '9418f57c27689c780a807129e12cae24') in 0.015782 seconds 
  Import took 0.027644 seconds .

========================================================================
Received Import Request.
  Time since last request: 18.993344 seconds.
  path: Assets/Scenes/lvl1 1.unity
  artifactKey: Guid(a3f19ef7a9ad11f4fb864b1f539135e9) Importer(815301076,1909f56bfc062723c751e8b465ee728b)
Start importing Assets/Scenes/lvl1 1.unity using Guid(a3f19ef7a9ad11f4fb864b1f539135e9) Importer(815301076,1909f56bfc062723c751e8b465ee728b)  -> (artifact id: '25641dc4d5910124e61f946f25361047') in 0.001642 seconds 
  Import took 0.013416 seconds .

========================================================================
Received Import Request.
  Time since last request: 18.217222 seconds.
  path: Assets/Scenes/lvl2.unity
  artifactKey: Guid(a3f19ef7a9ad11f4fb864b1f539135e9) Importer(815301076,1909f56bfc062723c751e8b465ee728b)
Start importing Assets/Scenes/lvl2.unity using Guid(a3f19ef7a9ad11f4fb864b1f539135e9) Importer(815301076,1909f56bfc062723c751e8b465ee728b)  -> (artifact id: '411fd6cdf87fc6251509fcdec6e59fc9') in 0.001772 seconds 
  Import took 0.004994 seconds .

========================================================================
Received Import Request.
  Time since last request: 4.504990 seconds.
  path: Assets/Scenes/lvl2 1.unity
  artifactKey: Guid(0b6ad53865667e94a82f5cfb890c5ef2) Importer(815301076,1909f56bfc062723c751e8b465ee728b)
Start importing Assets/Scenes/lvl2 1.unity using Guid(0b6ad53865667e94a82f5cfb890c5ef2) Importer(815301076,1909f56bfc062723c751e8b465ee728b)  -> (artifact id: 'd154530d73cda07eac85eb112ef04493') in 0.001952 seconds 
  Import took 0.005082 seconds .

========================================================================
Received Import Request.
  Time since last request: 10.923151 seconds.
  path: Assets/Scenes/lvl3.unity
  artifactKey: Guid(0b6ad53865667e94a82f5cfb890c5ef2) Importer(815301076,1909f56bfc062723c751e8b465ee728b)
Start importing Assets/Scenes/lvl3.unity using Guid(0b6ad53865667e94a82f5cfb890c5ef2) Importer(815301076,1909f56bfc062723c751e8b465ee728b)  -> (artifact id: '63f39746301ac1e8b020e702411007aa') in 0.001771 seconds 
  Import took 0.004819 seconds .

========================================================================
Received Import Request.
  Time since last request: 5.658694 seconds.
  path: Assets/Scenes/lvl3 1.unity
  artifactKey: Guid(64ec04465f44b3544965f86ce1c48c26) Importer(815301076,1909f56bfc062723c751e8b465ee728b)
Start importing Assets/Scenes/lvl3 1.unity using Guid(64ec04465f44b3544965f86ce1c48c26) Importer(815301076,1909f56bfc062723c751e8b465ee728b)  -> (artifact id: '66172e5f709e03a3c61dcb729158ff7a') in 0.001958 seconds 
  Import took 0.004526 seconds .

========================================================================
Received Import Request.
  Time since last request: 1.112069 seconds.
  path: Assets/Scenes/lvl3 2.unity
  artifactKey: Guid(87aad47ce6797ec4f9134624a6fc0c74) Importer(815301076,1909f56bfc062723c751e8b465ee728b)
Start importing Assets/Scenes/lvl3 2.unity using Guid(87aad47ce6797ec4f9134624a6fc0c74) Importer(815301076,1909f56bfc062723c751e8b465ee728b)  -> (artifact id: '99bc67bf541141fddb9cbba9a603b85a') in 0.001648 seconds 
  Import took 0.004219 seconds .

========================================================================
Received Import Request.
  Time since last request: 0.695609 seconds.
  path: Assets/Scenes/lvl3 3.unity
  artifactKey: Guid(f97ea3a10d3a46343a4c08d4d7fa91e7) Importer(815301076,1909f56bfc062723c751e8b465ee728b)
Start importing Assets/Scenes/lvl3 3.unity using Guid(f97ea3a10d3a46343a4c08d4d7fa91e7) Importer(815301076,1909f56bfc062723c751e8b465ee728b)  -> (artifact id: 'abe1b286baa32ae0cfe3eab26aaf5371') in 0.001767 seconds 
  Import took 0.013877 seconds .

========================================================================
Received Import Request.
  Time since last request: 0.759500 seconds.
  path: Assets/Scenes/lvl3 4.unity
  artifactKey: Guid(de96665f1554c6947954982a7335747f) Importer(815301076,1909f56bfc062723c751e8b465ee728b)
Start importing Assets/Scenes/lvl3 4.unity using Guid(de96665f1554c6947954982a7335747f) Importer(815301076,1909f56bfc062723c751e8b465ee728b)  -> (artifact id: '448a385971463c0a2798ba94f06408a4') in 0.001651 seconds 
  Import took 0.004346 seconds .

========================================================================
Received Import Request.
  Time since last request: 0.463978 seconds.
  path: Assets/Scenes/lvl3 5.unity
  artifactKey: Guid(5bc0369afb3e14f4580b3bf262760876) Importer(815301076,1909f56bfc062723c751e8b465ee728b)
Start importing Assets/Scenes/lvl3 5.unity using Guid(5bc0369afb3e14f4580b3bf262760876) Importer(815301076,1909f56bfc062723c751e8b465ee728b)  -> (artifact id: '00d0d10020a6e6ed0950e7541b4907fc') in 0.001938 seconds 
  Import took 0.004954 seconds .

========================================================================
Received Import Request.
  Time since last request: 1.961972 seconds.
  path: Assets/Scenes/lvl3 6.unity
  artifactKey: Guid(1ec94f5ea601d50478abb3048c35421e) Importer(815301076,1909f56bfc062723c751e8b465ee728b)
Start importing Assets/Scenes/lvl3 6.unity using Guid(1ec94f5ea601d50478abb3048c35421e) Importer(815301076,1909f56bfc062723c751e8b465ee728b)  -> (artifact id: 'e0f2df85c5ead5c8fa285542142b4eae') in 0.001778 seconds 
  Import took 0.005222 seconds .

========================================================================
Received Import Request.
  Time since last request: 0.212621 seconds.
  path: Assets/Scenes/lvl3 7.unity
  artifactKey: Guid(f4c18906e07353f489236234644a6474) Importer(815301076,1909f56bfc062723c751e8b465ee728b)
Start importing Assets/Scenes/lvl3 7.unity using Guid(f4c18906e07353f489236234644a6474) Importer(815301076,1909f56bfc062723c751e8b465ee728b)  -> (artifact id: '1657ba3d931babb3f7cba9011137075c') in 0.002258 seconds 
  Import took 0.004958 seconds .

========================================================================
Received Import Request.
  Time since last request: 12.131711 seconds.
  path: Assets/Scenes/lvl4.unity
  artifactKey: Guid(64ec04465f44b3544965f86ce1c48c26) Importer(815301076,1909f56bfc062723c751e8b465ee728b)
Start importing Assets/Scenes/lvl4.unity using Guid(64ec04465f44b3544965f86ce1c48c26) Importer(815301076,1909f56bfc062723c751e8b465ee728b)  -> (artifact id: '8f096e257ecac0020856f98c14562d32') in 0.001814 seconds 
  Import took 0.010303 seconds .

========================================================================
Received Import Request.
  Time since last request: 7.147180 seconds.
  path: Assets/Scenes/lvl5.unity
  artifactKey: Guid(87aad47ce6797ec4f9134624a6fc0c74) Importer(815301076,1909f56bfc062723c751e8b465ee728b)
Start importing Assets/Scenes/lvl5.unity using Guid(87aad47ce6797ec4f9134624a6fc0c74) Importer(815301076,1909f56bfc062723c751e8b465ee728b)  -> (artifact id: '536528d5fdbb8a7a542a973db2999b61') in 0.001835 seconds 
  Import took 0.010660 seconds .

========================================================================
Received Import Request.
  Time since last request: 7.650501 seconds.
  path: Assets/Scenes/lvl6.unity
  artifactKey: Guid(f97ea3a10d3a46343a4c08d4d7fa91e7) Importer(815301076,1909f56bfc062723c751e8b465ee728b)
Start importing Assets/Scenes/lvl6.unity using Guid(f97ea3a10d3a46343a4c08d4d7fa91e7) Importer(815301076,1909f56bfc062723c751e8b465ee728b)  -> (artifact id: 'eb9596e83ccbd7778661704858642b87') in 0.002396 seconds 
  Import took 0.004723 seconds .

========================================================================
Received Import Request.
  Time since last request: 7.367254 seconds.
  path: Assets/Scenes/lvl7.unity
  artifactKey: Guid(de96665f1554c6947954982a7335747f) Importer(815301076,1909f56bfc062723c751e8b465ee728b)
Start importing Assets/Scenes/lvl7.unity using Guid(de96665f1554c6947954982a7335747f) Importer(815301076,1909f56bfc062723c751e8b465ee728b)  -> (artifact id: '856874922d1d855ba16cdc84447e8bb7') in 0.001805 seconds 
  Import took 0.004236 seconds .

========================================================================
Received Import Request.
  Time since last request: 6.242830 seconds.
  path: Assets/Scenes/lvl8.unity
  artifactKey: Guid(5bc0369afb3e14f4580b3bf262760876) Importer(815301076,1909f56bfc062723c751e8b465ee728b)
Start importing Assets/Scenes/lvl8.unity using Guid(5bc0369afb3e14f4580b3bf262760876) Importer(815301076,1909f56bfc062723c751e8b465ee728b)  -> (artifact id: '5c82abd8af496d4e2a55283d10926390') in 0.001942 seconds 
  Import took 0.012907 seconds .

========================================================================
Received Import Request.
  Time since last request: 6.816138 seconds.
  path: Assets/Scenes/lvl9.unity
  artifactKey: Guid(1ec94f5ea601d50478abb3048c35421e) Importer(815301076,1909f56bfc062723c751e8b465ee728b)
Start importing Assets/Scenes/lvl9.unity using Guid(1ec94f5ea601d50478abb3048c35421e) Importer(815301076,1909f56bfc062723c751e8b465ee728b)  -> (artifact id: '2ef0c954cf17d6673082a386f6f16900') in 0.001700 seconds 
  Import took 0.004287 seconds .

========================================================================
Received Import Request.
  Time since last request: 8.582478 seconds.
  path: Assets/Scenes/lvl10.unity
  artifactKey: Guid(f4c18906e07353f489236234644a6474) Importer(815301076,1909f56bfc062723c751e8b465ee728b)
Start importing Assets/Scenes/lvl10.unity using Guid(f4c18906e07353f489236234644a6474) Importer(815301076,1909f56bfc062723c751e8b465ee728b)  -> (artifact id: 'bfb280d278658fb71f6180a9d787ceec') in 0.001724 seconds 
  Import took 0.003989 seconds .

========================================================================
Received Import Request.
  Time since last request: 25.188970 seconds.
  path: Assets/Scenes/lvl2.unity
  artifactKey: Guid(a3f19ef7a9ad11f4fb864b1f539135e9) Importer(815301076,1909f56bfc062723c751e8b465ee728b)
Start importing Assets/Scenes/lvl2.unity using Guid(a3f19ef7a9ad11f4fb864b1f539135e9) Importer(815301076,1909f56bfc062723c751e8b465ee728b)  -> (artifact id: 'ac01dbe901d746c72b311df1a81f821d') in 0.001783 seconds 
  Import took 0.004007 seconds .

========================================================================
Received Import Request.
  Time since last request: 34.061161 seconds.
  path: Assets/Scenes/lvl3.unity
  artifactKey: Guid(0b6ad53865667e94a82f5cfb890c5ef2) Importer(815301076,1909f56bfc062723c751e8b465ee728b)
Start importing Assets/Scenes/lvl3.unity using Guid(0b6ad53865667e94a82f5cfb890c5ef2) Importer(815301076,1909f56bfc062723c751e8b465ee728b)  -> (artifact id: 'a053097abb1be332fcd47718f0c2fd12') in 0.001817 seconds 
  Import took 0.004223 seconds .

========================================================================
Received Import Request.
  Time since last request: 0.925668 seconds.
  path: Assets/Scenes/lvl4.unity
  artifactKey: Guid(64ec04465f44b3544965f86ce1c48c26) Importer(815301076,1909f56bfc062723c751e8b465ee728b)
Start importing Assets/Scenes/lvl4.unity using Guid(64ec04465f44b3544965f86ce1c48c26) Importer(815301076,1909f56bfc062723c751e8b465ee728b)  -> (artifact id: 'e81200f446727a9eebe491acfb2487aa') in 0.001914 seconds 
  Import took 0.013693 seconds .

========================================================================
Received Import Request.
  Time since last request: 1.138412 seconds.
  path: Assets/Scenes/lvl5.unity
  artifactKey: Guid(87aad47ce6797ec4f9134624a6fc0c74) Importer(815301076,1909f56bfc062723c751e8b465ee728b)
Start importing Assets/Scenes/lvl5.unity using Guid(87aad47ce6797ec4f9134624a6fc0c74) Importer(815301076,1909f56bfc062723c751e8b465ee728b)  -> (artifact id: '5b814b8b8a74c7a437f2c718f3f7726c') in 0.002151 seconds 
  Import took 0.016527 seconds .

========================================================================
Received Import Request.
  Time since last request: 37.762718 seconds.
  path: Assets/Scenes/lvl9.unity
  artifactKey: Guid(1ec94f5ea601d50478abb3048c35421e) Importer(815301076,1909f56bfc062723c751e8b465ee728b)
Start importing Assets/Scenes/lvl9.unity using Guid(1ec94f5ea601d50478abb3048c35421e) Importer(815301076,1909f56bfc062723c751e8b465ee728b)  -> (artifact id: 'bfcb38b1d3f95da77f5aca2ce115384e') in 0.001856 seconds 
  Import took 0.004683 seconds .

========================================================================
Received Import Request.
  Time since last request: 6.096823 seconds.
  path: Assets/Scenes/lvl6.unity
  artifactKey: Guid(f97ea3a10d3a46343a4c08d4d7fa91e7) Importer(815301076,1909f56bfc062723c751e8b465ee728b)
Start importing Assets/Scenes/lvl6.unity using Guid(f97ea3a10d3a46343a4c08d4d7fa91e7) Importer(815301076,1909f56bfc062723c751e8b465ee728b)  -> (artifact id: 'c482e1653ba2aa05512c59e645cf48bb') in 0.002197 seconds 
  Import took 0.017294 seconds .

========================================================================
Received Import Request.
  Time since last request: 0.620389 seconds.
  path: Assets/Scenes/lvl7.unity
  artifactKey: Guid(de96665f1554c6947954982a7335747f) Importer(815301076,1909f56bfc062723c751e8b465ee728b)
Start importing Assets/Scenes/lvl7.unity using Guid(de96665f1554c6947954982a7335747f) Importer(815301076,1909f56bfc062723c751e8b465ee728b)  -> (artifact id: '4cac410dcf6169bd5e815431ccc8289b') in 0.001470 seconds 
  Import took 0.004004 seconds .

========================================================================
Received Import Request.
  Time since last request: 0.608668 seconds.
  path: Assets/Scenes/lvl8.unity
  artifactKey: Guid(5bc0369afb3e14f4580b3bf262760876) Importer(815301076,1909f56bfc062723c751e8b465ee728b)
Start importing Assets/Scenes/lvl8.unity using Guid(5bc0369afb3e14f4580b3bf262760876) Importer(815301076,1909f56bfc062723c751e8b465ee728b)  -> (artifact id: '9f4981d4527b5a0e9fd5cc7eec025bc9') in 0.001560 seconds 
  Import took 0.007213 seconds .

========================================================================
Received Import Request.
  Time since last request: 1.343938 seconds.
  path: Assets/Scenes/lvl10.unity
  artifactKey: Guid(f4c18906e07353f489236234644a6474) Importer(815301076,1909f56bfc062723c751e8b465ee728b)
Start importing Assets/Scenes/lvl10.unity using Guid(f4c18906e07353f489236234644a6474) Importer(815301076,1909f56bfc062723c751e8b465ee728b)  -> (artifact id: '224f7935289fd0a9351d2eb92f141bbf') in 0.001817 seconds 
  Import took 0.012255 seconds .

========================================================================
Received Prepare
Registering precompiled user dll's ...
Registered in 0.001953 seconds.
Begin MonoManager ReloadAssembly
Native extension for WindowsStandalone target not found
Native extension for WebGL target not found
Refreshing native plugins compatible for Editor in 0.33 ms, found 2 plugins.
Preloading 0 native plugins for Editor in 0.00 ms.
Mono: successfully reloaded assembly
- Completed reload, in  0.914 seconds
Domain Reload Profiling:
	ReloadAssembly (914ms)
		BeginReloadAssembly (129ms)
			ExecutionOrderSort (0ms)
			DisableScriptedObjects (5ms)
			BackupInstance (0ms)
			ReleaseScriptingObjects (0ms)
			CreateAndSetChildDomain (39ms)
		EndReloadAssembly (728ms)
			LoadAssemblies (97ms)
			RebuildTransferFunctionScriptingTraits (0ms)
			SetupTypeCache (253ms)
			ReleaseScriptCaches (1ms)
			RebuildScriptCaches (36ms)
			SetupLoadedEditorAssemblies (268ms)
				LogAssemblyErrors (0ms)
				InitializePlatformSupportModulesInManaged (5ms)
				SetLoadedEditorAssemblies (0ms)
				RefreshPlugins (0ms)
				BeforeProcessingInitializeOnLoad (69ms)
				ProcessInitializeOnLoadAttributes (177ms)
				ProcessInitializeOnLoadMethodAttributes (8ms)
				AfterProcessingInitializeOnLoad (7ms)
				EditorAssembliesLoaded (0ms)
			ExecutionOrderSort2 (0ms)
			AwakeInstancesAfterBackupRestoration (7ms)
Platform modules already initialized, skipping
Refreshing native plugins compatible for Editor in 0.29 ms, found 2 plugins.
Preloading 0 native plugins for Editor in 0.00 ms.
Unloading 1497 Unused Serialized files (Serialized files now loaded: 0)
System memory in use before: 67.6 MB.
System memory in use after: 67.7 MB.

Unloading 11 unused Assets to reduce memory usage. Loaded Objects now: 1941.
Total: 2.611000 ms (FindLiveObjects: 0.102400 ms CreateObjectMapping: 0.040300 ms MarkObjects: 2.450500 ms  DeleteObjects: 0.017200 ms)

AssetImportParameters requested are different than current active one (requested -> active):
  custom:framework-win-MediaFoundation: 216162199b28c13a410421893ffa2e32 -> 
  custom:video-decoder-ogg-theora: a1e56fd34408186e4bbccfd4996cb3dc -> 
  custom:container-muxer-webm: aa71ff27fc2769a1b78a27578f13a17b -> 
  custom:container-demuxer-webm: 4f35f7cbe854078d1ac9338744f61a02 -> 
  custom:container-demuxer-ogg: 62fdf1f143b41e24485cea50d1cbac27 -> 
  custom:video-encoder-webm-vp8: eb34c28f22e8b96e1ab97ce403110664 -> 
  custom:video-decoder-webm-vp8: 9c59270c3fd7afecdb556c50c9e8de78 -> 
  custom:audio-decoder-ogg-vorbis: bf7c407c2cedff20999df2af8eb42d56 -> 
  custom:audio-encoder-webm-vorbis: bf7c407c2cedff20999df2af8eb42d56 -> 
========================================================================
Received Prepare
Refreshing native plugins compatible for Editor in 2.00 ms, found 2 plugins.
Preloading 0 native plugins for Editor in 0.00 ms.
Unloading 9 Unused Serialized files (Serialized files now loaded: 0)
System memory in use before: 38.1 MB.
System memory in use after: 38.3 MB.

Unloading 9 unused Assets to reduce memory usage. Loaded Objects now: 1941.
Total: 2.647900 ms (FindLiveObjects: 0.113800 ms CreateObjectMapping: 0.042200 ms MarkObjects: 2.469100 ms  DeleteObjects: 0.021700 ms)

AssetImportParameters requested are different than current active one (requested -> active):
  custom:framework-win-MediaFoundation: 216162199b28c13a410421893ffa2e32 -> 
  custom:video-decoder-ogg-theora: a1e56fd34408186e4bbccfd4996cb3dc -> 
  custom:container-muxer-webm: aa71ff27fc2769a1b78a27578f13a17b -> 
  custom:container-demuxer-webm: 4f35f7cbe854078d1ac9338744f61a02 -> 
  custom:container-demuxer-ogg: 62fdf1f143b41e24485cea50d1cbac27 -> 
  custom:video-encoder-webm-vp8: eb34c28f22e8b96e1ab97ce403110664 -> 
  custom:video-decoder-webm-vp8: 9c59270c3fd7afecdb556c50c9e8de78 -> 
  custom:audio-decoder-ogg-vorbis: bf7c407c2cedff20999df2af8eb42d56 -> 
  custom:audio-encoder-webm-vorbis: bf7c407c2cedff20999df2af8eb42d56 -> 
========================================================================
Received Prepare
Registering precompiled user dll's ...
Registered in 0.002063 seconds.
Begin MonoManager ReloadAssembly
Native extension for WindowsStandalone target not found
Native extension for WebGL target not found
Refreshing native plugins compatible for Editor in 0.30 ms, found 2 plugins.
Preloading 0 native plugins for Editor in 0.00 ms.
Mono: successfully reloaded assembly
- Completed reload, in  0.891 seconds
Domain Reload Profiling:
	ReloadAssembly (891ms)
		BeginReloadAssembly (121ms)
			ExecutionOrderSort (0ms)
			DisableScriptedObjects (5ms)
			BackupInstance (0ms)
			ReleaseScriptingObjects (0ms)
			CreateAndSetChildDomain (32ms)
		EndReloadAssembly (715ms)
			LoadAssemblies (89ms)
			RebuildTransferFunctionScriptingTraits (0ms)
			SetupTypeCache (248ms)
			ReleaseScriptCaches (1ms)
			RebuildScriptCaches (34ms)
			SetupLoadedEditorAssemblies (264ms)
				LogAssemblyErrors (0ms)
				InitializePlatformSupportModulesInManaged (5ms)
				SetLoadedEditorAssemblies (0ms)
				RefreshPlugins (0ms)
				BeforeProcessingInitializeOnLoad (68ms)
				ProcessInitializeOnLoadAttributes (175ms)
				ProcessInitializeOnLoadMethodAttributes (8ms)
				AfterProcessingInitializeOnLoad (7ms)
				EditorAssembliesLoaded (0ms)
			ExecutionOrderSort2 (0ms)
			AwakeInstancesAfterBackupRestoration (6ms)
Platform modules already initialized, skipping
Refreshing native plugins compatible for Editor in 0.32 ms, found 2 plugins.
Preloading 0 native plugins for Editor in 0.00 ms.
Unloading 1497 Unused Serialized files (Serialized files now loaded: 0)
System memory in use before: 67.7 MB.
System memory in use after: 67.8 MB.

Unloading 11 unused Assets to reduce memory usage. Loaded Objects now: 1943.
Total: 2.374900 ms (FindLiveObjects: 0.104100 ms CreateObjectMapping: 0.038700 ms MarkObjects: 2.214900 ms  DeleteObjects: 0.016400 ms)

AssetImportParameters requested are different than current active one (requested -> active):
  custom:framework-win-MediaFoundation: 216162199b28c13a410421893ffa2e32 -> 
  custom:video-decoder-ogg-theora: a1e56fd34408186e4bbccfd4996cb3dc -> 
  custom:container-muxer-webm: aa71ff27fc2769a1b78a27578f13a17b -> 
  custom:container-demuxer-webm: 4f35f7cbe854078d1ac9338744f61a02 -> 
  custom:container-demuxer-ogg: 62fdf1f143b41e24485cea50d1cbac27 -> 
  custom:video-encoder-webm-vp8: eb34c28f22e8b96e1ab97ce403110664 -> 
  custom:video-decoder-webm-vp8: 9c59270c3fd7afecdb556c50c9e8de78 -> 
  custom:audio-decoder-ogg-vorbis: bf7c407c2cedff20999df2af8eb42d56 -> 
  custom:audio-encoder-webm-vorbis: bf7c407c2cedff20999df2af8eb42d56 -> 
========================================================================
Received Import Request.
  Time since last request: 636.444005 seconds.
  path: Assets/Scenes/final.unity
  artifactKey: Guid(a136712576300214683d76687296c150) Importer(815301076,1909f56bfc062723c751e8b465ee728b)
Start importing Assets/Scenes/final.unity using Guid(a136712576300214683d76687296c150) Importer(815301076,1909f56bfc062723c751e8b465ee728b)  -> (artifact id: 'e535c481ca64e4b644e65edf72638c97') in 0.012978 seconds 
  Import took 0.027083 seconds .

========================================================================
Received Import Request.
  Time since last request: 13.227915 seconds.
  path: Assets/Scenes/final11.unity
  artifactKey: Guid(a136712576300214683d76687296c150) Importer(815301076,1909f56bfc062723c751e8b465ee728b)
Start importing Assets/Scenes/final11.unity using Guid(a136712576300214683d76687296c150) Importer(815301076,1909f56bfc062723c751e8b465ee728b)  -> (artifact id: 'b669af60f4babc1dfbb615a8be8740aa') in 0.003121 seconds 
  Import took 0.024857 seconds .

========================================================================
Received Import Request.
  Time since last request: 20.831896 seconds.
  path: Assets/Scenes/lvlfinal11.unity
  artifactKey: Guid(a136712576300214683d76687296c150) Importer(815301076,1909f56bfc062723c751e8b465ee728b)
Start importing Assets/Scenes/lvlfinal11.unity using Guid(a136712576300214683d76687296c150) Importer(815301076,1909f56bfc062723c751e8b465ee728b)  -> (artifact id: 'bf3c37e4df34821e46b46c0185c9e73c') in 0.004241 seconds 
  Import took 0.006572 seconds .

========================================================================
Received Prepare
Refreshing native plugins compatible for Editor in 1.68 ms, found 2 plugins.
Preloading 0 native plugins for Editor in 0.00 ms.
Unloading 9 Unused Serialized files (Serialized files now loaded: 0)
System memory in use before: 38.3 MB.
System memory in use after: 38.4 MB.

Unloading 9 unused Assets to reduce memory usage. Loaded Objects now: 1943.
Total: 3.113300 ms (FindLiveObjects: 0.107100 ms CreateObjectMapping: 0.037000 ms MarkObjects: 2.955800 ms  DeleteObjects: 0.012800 ms)

AssetImportParameters requested are different than current active one (requested -> active):
  custom:framework-win-MediaFoundation: 216162199b28c13a410421893ffa2e32 -> 
  custom:video-decoder-ogg-theora: a1e56fd34408186e4bbccfd4996cb3dc -> 
  custom:container-muxer-webm: aa71ff27fc2769a1b78a27578f13a17b -> 
  custom:container-demuxer-webm: 4f35f7cbe854078d1ac9338744f61a02 -> 
  custom:container-demuxer-ogg: 62fdf1f143b41e24485cea50d1cbac27 -> 
  custom:video-encoder-webm-vp8: eb34c28f22e8b96e1ab97ce403110664 -> 
  custom:video-decoder-webm-vp8: 9c59270c3fd7afecdb556c50c9e8de78 -> 
  custom:audio-decoder-ogg-vorbis: bf7c407c2cedff20999df2af8eb42d56 -> 
  custom:audio-encoder-webm-vorbis: bf7c407c2cedff20999df2af8eb42d56 -> 
========================================================================
Received Import Request.
  Time since last request: 216.249229 seconds.
  path: Assets/Scenes/lvl10.unity
  artifactKey: Guid(f4c18906e07353f489236234644a6474) Importer(815301076,1909f56bfc062723c751e8b465ee728b)
Start importing Assets/Scenes/lvl10.unity using Guid(f4c18906e07353f489236234644a6474) Importer(815301076,1909f56bfc062723c751e8b465ee728b)  -> (artifact id: '3d74b25a459ff8876da66d45ae635b52') in 0.002434 seconds 
  Import took 0.022236 seconds .

========================================================================
Received Prepare
Registering precompiled user dll's ...
Registered in 0.001909 seconds.
Begin MonoManager ReloadAssembly
Native extension for WindowsStandalone target not found
Native extension for WebGL target not found
Refreshing native plugins compatible for Editor in 0.30 ms, found 2 plugins.
Preloading 0 native plugins for Editor in 0.00 ms.
Mono: successfully reloaded assembly
- Completed reload, in  0.857 seconds
Domain Reload Profiling:
	ReloadAssembly (857ms)
		BeginReloadAssembly (109ms)
			ExecutionOrderSort (0ms)
			DisableScriptedObjects (4ms)
			BackupInstance (0ms)
			ReleaseScriptingObjects (0ms)
			CreateAndSetChildDomain (30ms)
		EndReloadAssembly (691ms)
			LoadAssemblies (89ms)
			RebuildTransferFunctionScriptingTraits (0ms)
			SetupTypeCache (238ms)
			ReleaseScriptCaches (1ms)
			RebuildScriptCaches (34ms)
			SetupLoadedEditorAssemblies (255ms)
				LogAssemblyErrors (0ms)
				InitializePlatformSupportModulesInManaged (5ms)
				SetLoadedEditorAssemblies (0ms)
				RefreshPlugins (0ms)
				BeforeProcessingInitializeOnLoad (66ms)
				ProcessInitializeOnLoadAttributes (169ms)
				ProcessInitializeOnLoadMethodAttributes (7ms)
				AfterProcessingInitializeOnLoad (8ms)
				EditorAssembliesLoaded (0ms)
			ExecutionOrderSort2 (0ms)
			AwakeInstancesAfterBackupRestoration (6ms)
Platform modules already initialized, skipping
Refreshing native plugins compatible for Editor in 0.38 ms, found 2 plugins.
Preloading 0 native plugins for Editor in 0.00 ms.
Unloading 1497 Unused Serialized files (Serialized files now loaded: 0)
System memory in use before: 67.7 MB.
System memory in use after: 67.8 MB.

Unloading 11 unused Assets to reduce memory usage. Loaded Objects now: 1945.
Total: 2.384900 ms (FindLiveObjects: 0.106500 ms CreateObjectMapping: 0.040500 ms MarkObjects: 2.218500 ms  DeleteObjects: 0.018700 ms)

AssetImportParameters requested are different than current active one (requested -> active):
  custom:framework-win-MediaFoundation: 216162199b28c13a410421893ffa2e32 -> 
  custom:video-decoder-ogg-theora: a1e56fd34408186e4bbccfd4996cb3dc -> 
  custom:container-muxer-webm: aa71ff27fc2769a1b78a27578f13a17b -> 
  custom:container-demuxer-webm: 4f35f7cbe854078d1ac9338744f61a02 -> 
  custom:container-demuxer-ogg: 62fdf1f143b41e24485cea50d1cbac27 -> 
  custom:video-encoder-webm-vp8: eb34c28f22e8b96e1ab97ce403110664 -> 
  custom:video-decoder-webm-vp8: 9c59270c3fd7afecdb556c50c9e8de78 -> 
  custom:audio-decoder-ogg-vorbis: bf7c407c2cedff20999df2af8eb42d56 -> 
  custom:audio-encoder-webm-vorbis: bf7c407c2cedff20999df2af8eb42d56 -> 
========================================================================
Received Prepare
Registering precompiled user dll's ...
Registered in 0.001876 seconds.
Begin MonoManager ReloadAssembly
Native extension for WindowsStandalone target not found
Native extension for WebGL target not found
Refreshing native plugins compatible for Editor in 0.30 ms, found 2 plugins.
Preloading 0 native plugins for Editor in 0.00 ms.
Mono: successfully reloaded assembly
- Completed reload, in  0.856 seconds
Domain Reload Profiling:
	ReloadAssembly (856ms)
		BeginReloadAssembly (106ms)
			ExecutionOrderSort (0ms)
			DisableScriptedObjects (5ms)
			BackupInstance (0ms)
			ReleaseScriptingObjects (0ms)
			CreateAndSetChildDomain (29ms)
		EndReloadAssembly (695ms)
			LoadAssemblies (87ms)
			RebuildTransferFunctionScriptingTraits (0ms)
			SetupTypeCache (247ms)
			ReleaseScriptCaches (1ms)
			RebuildScriptCaches (34ms)
			SetupLoadedEditorAssemblies (252ms)
				LogAssemblyErrors (0ms)
				InitializePlatformSupportModulesInManaged (5ms)
				SetLoadedEditorAssemblies (0ms)
				RefreshPlugins (0ms)
				BeforeProcessingInitializeOnLoad (65ms)
				ProcessInitializeOnLoadAttributes (168ms)
				ProcessInitializeOnLoadMethodAttributes (7ms)
				AfterProcessingInitializeOnLoad (6ms)
				EditorAssembliesLoaded (0ms)
			ExecutionOrderSort2 (0ms)
			AwakeInstancesAfterBackupRestoration (6ms)
Platform modules already initialized, skipping
Refreshing native plugins compatible for Editor in 0.30 ms, found 2 plugins.
Preloading 0 native plugins for Editor in 0.00 ms.
Unloading 1497 Unused Serialized files (Serialized files now loaded: 0)
System memory in use before: 67.8 MB.
System memory in use after: 67.9 MB.

Unloading 11 unused Assets to reduce memory usage. Loaded Objects now: 1947.
Total: 2.417600 ms (FindLiveObjects: 0.109000 ms CreateObjectMapping: 0.038600 ms MarkObjects: 2.252900 ms  DeleteObjects: 0.016400 ms)

AssetImportParameters requested are different than current active one (requested -> active):
  custom:framework-win-MediaFoundation: 216162199b28c13a410421893ffa2e32 -> 
  custom:video-decoder-ogg-theora: a1e56fd34408186e4bbccfd4996cb3dc -> 
  custom:container-muxer-webm: aa71ff27fc2769a1b78a27578f13a17b -> 
  custom:container-demuxer-webm: 4f35f7cbe854078d1ac9338744f61a02 -> 
  custom:container-demuxer-ogg: 62fdf1f143b41e24485cea50d1cbac27 -> 
  custom:video-encoder-webm-vp8: eb34c28f22e8b96e1ab97ce403110664 -> 
  custom:video-decoder-webm-vp8: 9c59270c3fd7afecdb556c50c9e8de78 -> 
  custom:audio-decoder-ogg-vorbis: bf7c407c2cedff20999df2af8eb42d56 -> 
  custom:audio-encoder-webm-vorbis: bf7c407c2cedff20999df2af8eb42d56 -> 
========================================================================
Received Import Request.
  Time since last request: 2704.272090 seconds.
  path: Assets/Scenes/lvl10.unity
  artifactKey: Guid(f4c18906e07353f489236234644a6474) Importer(815301076,1909f56bfc062723c751e8b465ee728b)
Start importing Assets/Scenes/lvl10.unity using Guid(f4c18906e07353f489236234644a6474) Importer(815301076,1909f56bfc062723c751e8b465ee728b)  -> (artifact id: 'dadb93b7a6659168d6a94ec7d46b164f') in 0.012698 seconds 
  Import took 0.030963 seconds .

========================================================================
Received Import Request.
  Time since last request: 64.907609 seconds.
  path: Assets/Scenes/lvl1.unity
  artifactKey: Guid(9fc0d4010bbf28b4594072e72b8655ab) Importer(815301076,1909f56bfc062723c751e8b465ee728b)
Start importing Assets/Scenes/lvl1.unity using Guid(9fc0d4010bbf28b4594072e72b8655ab) Importer(815301076,1909f56bfc062723c751e8b465ee728b)  -> (artifact id: '2ccade19548bcd549ae04011750f6b48') in 0.001524 seconds 
  Import took 0.012768 seconds .

========================================================================
Received Import Request.
  Time since last request: 14.741815 seconds.
  path: Assets/Scenes/lvl2.unity
  artifactKey: Guid(a3f19ef7a9ad11f4fb864b1f539135e9) Importer(815301076,1909f56bfc062723c751e8b465ee728b)
Start importing Assets/Scenes/lvl2.unity using Guid(a3f19ef7a9ad11f4fb864b1f539135e9) Importer(815301076,1909f56bfc062723c751e8b465ee728b)  -> (artifact id: '64d4aac9ad0c61a55fa605d6175b74be') in 0.001570 seconds 
  Import took 0.004142 seconds .

========================================================================
Received Import Request.
  Time since last request: 16.176265 seconds.
  path: Assets/Scenes/lvl3.unity
  artifactKey: Guid(0b6ad53865667e94a82f5cfb890c5ef2) Importer(815301076,1909f56bfc062723c751e8b465ee728b)
Start importing Assets/Scenes/lvl3.unity using Guid(0b6ad53865667e94a82f5cfb890c5ef2) Importer(815301076,1909f56bfc062723c751e8b465ee728b)  -> (artifact id: 'e19a248fc68ea15ee6f3734b0c642512') in 0.001456 seconds 
  Import took 0.004036 seconds .

========================================================================
Received Import Request.
  Time since last request: 1.598013 seconds.
  path: Assets/Scenes/lvl2.unity
  artifactKey: Guid(a3f19ef7a9ad11f4fb864b1f539135e9) Importer(815301076,1909f56bfc062723c751e8b465ee728b)
Start importing Assets/Scenes/lvl2.unity using Guid(a3f19ef7a9ad11f4fb864b1f539135e9) Importer(815301076,1909f56bfc062723c751e8b465ee728b)  -> (artifact id: '21eae1f2abbd3b16a2d28c9b849ca102') in 0.001507 seconds 
  Import took 0.003964 seconds .

========================================================================
Received Import Request.
  Time since last request: 15.523609 seconds.
  path: Assets/Scenes/lvl4.unity
  artifactKey: Guid(64ec04465f44b3544965f86ce1c48c26) Importer(815301076,1909f56bfc062723c751e8b465ee728b)
Start importing Assets/Scenes/lvl4.unity using Guid(64ec04465f44b3544965f86ce1c48c26) Importer(815301076,1909f56bfc062723c751e8b465ee728b)  -> (artifact id: 'c26a96713e3a58457a76f06586cab6dd') in 0.001965 seconds 
  Import took 0.009474 seconds .

========================================================================
Received Import Request.
  Time since last request: 33.597783 seconds.
  path: Assets/Scenes/lvl5.unity
  artifactKey: Guid(87aad47ce6797ec4f9134624a6fc0c74) Importer(815301076,1909f56bfc062723c751e8b465ee728b)
Start importing Assets/Scenes/lvl5.unity using Guid(87aad47ce6797ec4f9134624a6fc0c74) Importer(815301076,1909f56bfc062723c751e8b465ee728b)  -> (artifact id: '052c430e732ebd92af5d367d5cd83ede') in 0.002034 seconds 
  Import took 0.026628 seconds .

========================================================================
Received Import Request.
  Time since last request: 12.655400 seconds.
  path: Assets/Scenes/lvl6.unity
  artifactKey: Guid(f97ea3a10d3a46343a4c08d4d7fa91e7) Importer(815301076,1909f56bfc062723c751e8b465ee728b)
Start importing Assets/Scenes/lvl6.unity using Guid(f97ea3a10d3a46343a4c08d4d7fa91e7) Importer(815301076,1909f56bfc062723c751e8b465ee728b)  -> (artifact id: '68feb1ebc2d1af7aeae607a22bfcc2c4') in 0.001571 seconds 
  Import took 0.020770 seconds .

========================================================================
Received Import Request.
  Time since last request: 23.382704 seconds.
  path: Assets/Scenes/lvl7.unity
  artifactKey: Guid(de96665f1554c6947954982a7335747f) Importer(815301076,1909f56bfc062723c751e8b465ee728b)
Start importing Assets/Scenes/lvl7.unity using Guid(de96665f1554c6947954982a7335747f) Importer(815301076,1909f56bfc062723c751e8b465ee728b)  -> (artifact id: 'e0ccd319fce27143cd74e616ff4ca022') in 0.001678 seconds 
  Import took 0.004189 seconds .

========================================================================
Received Import Request.
  Time since last request: 17.561495 seconds.
  path: Assets/Scenes/lvl8.unity
  artifactKey: Guid(5bc0369afb3e14f4580b3bf262760876) Importer(815301076,1909f56bfc062723c751e8b465ee728b)
Start importing Assets/Scenes/lvl8.unity using Guid(5bc0369afb3e14f4580b3bf262760876) Importer(815301076,1909f56bfc062723c751e8b465ee728b)  -> (artifact id: 'ca95bf325499bfaf5fea768c2af50748') in 0.001908 seconds 
  Import took 0.014757 seconds .

========================================================================
Received Import Request.
  Time since last request: 3.140096 seconds.
  path: Assets/Scenes/lvl3.unity
  artifactKey: Guid(0b6ad53865667e94a82f5cfb890c5ef2) Importer(815301076,1909f56bfc062723c751e8b465ee728b)
Start importing Assets/Scenes/lvl3.unity using Guid(0b6ad53865667e94a82f5cfb890c5ef2) Importer(815301076,1909f56bfc062723c751e8b465ee728b)  -> (artifact id: 'bbacec5fe0647be10fbf231769553560') in 0.001758 seconds 
  Import took 0.012972 seconds .

========================================================================
Received Import Request.
  Time since last request: 0.850415 seconds.
  path: Assets/Scenes/lvl4.unity
  artifactKey: Guid(64ec04465f44b3544965f86ce1c48c26) Importer(815301076,1909f56bfc062723c751e8b465ee728b)
Start importing Assets/Scenes/lvl4.unity using Guid(64ec04465f44b3544965f86ce1c48c26) Importer(815301076,1909f56bfc062723c751e8b465ee728b)  -> (artifact id: 'ebe186ed2da9619f003ec5c4ed82d10e') in 0.002002 seconds 
  Import took 0.004923 seconds .

========================================================================
Received Import Request.
  Time since last request: 0.962059 seconds.
  path: Assets/Scenes/lvl5.unity
  artifactKey: Guid(87aad47ce6797ec4f9134624a6fc0c74) Importer(815301076,1909f56bfc062723c751e8b465ee728b)
Start importing Assets/Scenes/lvl5.unity using Guid(87aad47ce6797ec4f9134624a6fc0c74) Importer(815301076,1909f56bfc062723c751e8b465ee728b)  -> (artifact id: '58a6dbda68c48d3d6af4125dd5babf1b') in 0.001575 seconds 
  Import took 0.014636 seconds .

========================================================================
Received Import Request.
  Time since last request: 0.742491 seconds.
  path: Assets/Scenes/lvl6.unity
  artifactKey: Guid(f97ea3a10d3a46343a4c08d4d7fa91e7) Importer(815301076,1909f56bfc062723c751e8b465ee728b)
Start importing Assets/Scenes/lvl6.unity using Guid(f97ea3a10d3a46343a4c08d4d7fa91e7) Importer(815301076,1909f56bfc062723c751e8b465ee728b)  -> (artifact id: '9131bb5295ff48f8470b0c96e999eb77') in 0.001953 seconds 
  Import took 0.005149 seconds .

========================================================================
Received Import Request.
  Time since last request: 0.912797 seconds.
  path: Assets/Scenes/lvl7.unity
  artifactKey: Guid(de96665f1554c6947954982a7335747f) Importer(815301076,1909f56bfc062723c751e8b465ee728b)
Start importing Assets/Scenes/lvl7.unity using Guid(de96665f1554c6947954982a7335747f) Importer(815301076,1909f56bfc062723c751e8b465ee728b)  -> (artifact id: 'b797e78ccfaf73b5af26590209914aa7') in 0.002073 seconds 
  Import took 0.004988 seconds .

========================================================================
Received Import Request.
  Time since last request: 41.473054 seconds.
  path: Assets/Scenes/lvl9.unity
  artifactKey: Guid(1ec94f5ea601d50478abb3048c35421e) Importer(815301076,1909f56bfc062723c751e8b465ee728b)
Start importing Assets/Scenes/lvl9.unity using Guid(1ec94f5ea601d50478abb3048c35421e) Importer(815301076,1909f56bfc062723c751e8b465ee728b)  -> (artifact id: '877df825ad19a742570c104002569954') in 0.001724 seconds 
  Import took 0.024218 seconds .

========================================================================
Received Import Request.
  Time since last request: 41.122168 seconds.
  path: Assets/Scenes/lvlfinal11.unity
  artifactKey: Guid(a136712576300214683d76687296c150) Importer(815301076,1909f56bfc062723c751e8b465ee728b)
Start importing Assets/Scenes/lvlfinal11.unity using Guid(a136712576300214683d76687296c150) Importer(815301076,1909f56bfc062723c751e8b465ee728b)  -> (artifact id: 'd7615a368ef1f859441aac09a4d679a5') in 0.001826 seconds 
  Import took 0.004129 seconds .

========================================================================
Received Import Request.
  Time since last request: 24.473268 seconds.
  path: Assets/Scenes/lvl10.unity
  artifactKey: Guid(f4c18906e07353f489236234644a6474) Importer(815301076,1909f56bfc062723c751e8b465ee728b)
Start importing Assets/Scenes/lvl10.unity using Guid(f4c18906e07353f489236234644a6474) Importer(815301076,1909f56bfc062723c751e8b465ee728b)  -> (artifact id: '9f6466a20906a9f4ee47a6b4446180a8') in 0.002079 seconds 
  Import took 0.004490 seconds .

========================================================================
Received Import Request.
  Time since last request: 9.399373 seconds.
  path: Assets/Scenes/lvl6.unity
  artifactKey: Guid(f97ea3a10d3a46343a4c08d4d7fa91e7) Importer(815301076,1909f56bfc062723c751e8b465ee728b)
Start importing Assets/Scenes/lvl6.unity using Guid(f97ea3a10d3a46343a4c08d4d7fa91e7) Importer(815301076,1909f56bfc062723c751e8b465ee728b)  -> (artifact id: '113def5653a4c4762845de6ad685adb3') in 0.001790 seconds 
  Import took 0.055002 seconds .

========================================================================
Received Import Request.
  Time since last request: 2.042376 seconds.
  path: Assets/Scenes/lvl8.unity
  artifactKey: Guid(5bc0369afb3e14f4580b3bf262760876) Importer(815301076,1909f56bfc062723c751e8b465ee728b)
Start importing Assets/Scenes/lvl8.unity using Guid(5bc0369afb3e14f4580b3bf262760876) Importer(815301076,1909f56bfc062723c751e8b465ee728b)  -> (artifact id: '0e1ff423e09d74c52cafacf29ed436c3') in 0.001922 seconds 
  Import took 0.006546 seconds .

========================================================================
Received Import Request.
  Time since last request: 1.327071 seconds.
  path: Assets/Scenes/lvl9.unity
  artifactKey: Guid(1ec94f5ea601d50478abb3048c35421e) Importer(815301076,1909f56bfc062723c751e8b465ee728b)
Start importing Assets/Scenes/lvl9.unity using Guid(1ec94f5ea601d50478abb3048c35421e) Importer(815301076,1909f56bfc062723c751e8b465ee728b)  -> (artifact id: '9f3165e9e9219b785239ade7ca1611cc') in 0.001615 seconds 
  Import took 0.003931 seconds .

========================================================================
Received Import Request.
  Time since last request: 4.802203 seconds.
  path: Assets/Scenes/lvlfinal11.unity
  artifactKey: Guid(a136712576300214683d76687296c150) Importer(815301076,1909f56bfc062723c751e8b465ee728b)
Start importing Assets/Scenes/lvlfinal11.unity using Guid(a136712576300214683d76687296c150) Importer(815301076,1909f56bfc062723c751e8b465ee728b)  -> (artifact id: '4cb3150a37c847e91d0e6b22520abb16') in 0.001856 seconds 
  Import took 0.004998 seconds .

========================================================================
Received Import Request.
  Time since last request: 70.714782 seconds.
  path: Assets/Scenes/lvlfinal11.unity
  artifactKey: Guid(a136712576300214683d76687296c150) Importer(815301076,1909f56bfc062723c751e8b465ee728b)
Start importing Assets/Scenes/lvlfinal11.unity using Guid(a136712576300214683d76687296c150) Importer(815301076,1909f56bfc062723c751e8b465ee728b)  -> (artifact id: '12d27a0c016206d9421aea1c4378919a') in 0.002122 seconds 
  Import took 0.005042 seconds .

========================================================================
Received Prepare
Registering precompiled user dll's ...
Registered in 0.002069 seconds.
Begin MonoManager ReloadAssembly
Native extension for WindowsStandalone target not found
Native extension for WebGL target not found
Refreshing native plugins compatible for Editor in 0.30 ms, found 2 plugins.
Preloading 0 native plugins for Editor in 0.00 ms.
Mono: successfully reloaded assembly
- Completed reload, in  0.866 seconds
Domain Reload Profiling:
	ReloadAssembly (867ms)
		BeginReloadAssembly (110ms)
			ExecutionOrderSort (0ms)
			DisableScriptedObjects (4ms)
			BackupInstance (0ms)
			ReleaseScriptingObjects (0ms)
			CreateAndSetChildDomain (31ms)
		EndReloadAssembly (700ms)
			LoadAssemblies (91ms)
			RebuildTransferFunctionScriptingTraits (0ms)
			SetupTypeCache (242ms)
			ReleaseScriptCaches (1ms)
			RebuildScriptCaches (35ms)
			SetupLoadedEditorAssemblies (256ms)
				LogAssemblyErrors (0ms)
				InitializePlatformSupportModulesInManaged (5ms)
				SetLoadedEditorAssemblies (0ms)
				RefreshPlugins (0ms)
				BeforeProcessingInitializeOnLoad (66ms)
				ProcessInitializeOnLoadAttributes (169ms)
				ProcessInitializeOnLoadMethodAttributes (7ms)
				AfterProcessingInitializeOnLoad (7ms)
				EditorAssembliesLoaded (0ms)
			ExecutionOrderSort2 (0ms)
			AwakeInstancesAfterBackupRestoration (6ms)
Platform modules already initialized, skipping
Refreshing native plugins compatible for Editor in 0.34 ms, found 2 plugins.
Preloading 0 native plugins for Editor in 0.00 ms.
Unloading 1497 Unused Serialized files (Serialized files now loaded: 0)
System memory in use before: 67.9 MB.
System memory in use after: 68.0 MB.

Unloading 11 unused Assets to reduce memory usage. Loaded Objects now: 1949.
Total: 2.437000 ms (FindLiveObjects: 0.109800 ms CreateObjectMapping: 0.041400 ms MarkObjects: 2.268600 ms  DeleteObjects: 0.016700 ms)

AssetImportParameters requested are different than current active one (requested -> active):
  custom:framework-win-MediaFoundation: 216162199b28c13a410421893ffa2e32 -> 
  custom:video-decoder-ogg-theora: a1e56fd34408186e4bbccfd4996cb3dc -> 
  custom:container-muxer-webm: aa71ff27fc2769a1b78a27578f13a17b -> 
  custom:container-demuxer-webm: 4f35f7cbe854078d1ac9338744f61a02 -> 
  custom:container-demuxer-ogg: 62fdf1f143b41e24485cea50d1cbac27 -> 
  custom:video-encoder-webm-vp8: eb34c28f22e8b96e1ab97ce403110664 -> 
  custom:video-decoder-webm-vp8: 9c59270c3fd7afecdb556c50c9e8de78 -> 
  custom:audio-decoder-ogg-vorbis: bf7c407c2cedff20999df2af8eb42d56 -> 
  custom:audio-encoder-webm-vorbis: bf7c407c2cedff20999df2af8eb42d56 -> 
========================================================================
Received Prepare
Refreshing native plugins compatible for Editor in 1.68 ms, found 2 plugins.
Preloading 0 native plugins for Editor in 0.00 ms.
Unloading 9 Unused Serialized files (Serialized files now loaded: 0)
System memory in use before: 38.4 MB.
System memory in use after: 38.5 MB.

Unloading 9 unused Assets to reduce memory usage. Loaded Objects now: 1949.
Total: 2.552300 ms (FindLiveObjects: 0.110000 ms CreateObjectMapping: 0.043200 ms MarkObjects: 2.380900 ms  DeleteObjects: 0.017400 ms)

AssetImportParameters requested are different than current active one (requested -> active):
  custom:framework-win-MediaFoundation: 216162199b28c13a410421893ffa2e32 -> 
  custom:video-decoder-ogg-theora: a1e56fd34408186e4bbccfd4996cb3dc -> 
  custom:container-muxer-webm: aa71ff27fc2769a1b78a27578f13a17b -> 
  custom:container-demuxer-webm: 4f35f7cbe854078d1ac9338744f61a02 -> 
  custom:container-demuxer-ogg: 62fdf1f143b41e24485cea50d1cbac27 -> 
  custom:video-encoder-webm-vp8: eb34c28f22e8b96e1ab97ce403110664 -> 
  custom:video-decoder-webm-vp8: 9c59270c3fd7afecdb556c50c9e8de78 -> 
  custom:audio-decoder-ogg-vorbis: bf7c407c2cedff20999df2af8eb42d56 -> 
  custom:audio-encoder-webm-vorbis: bf7c407c2cedff20999df2af8eb42d56 -> 
========================================================================
Received Import Request.
  Time since last request: 4448.907109 seconds.
  path: Assets/Scenes/lvl1.unity
  artifactKey: Guid(9fc0d4010bbf28b4594072e72b8655ab) Importer(815301076,1909f56bfc062723c751e8b465ee728b)
Start importing Assets/Scenes/lvl1.unity using Guid(9fc0d4010bbf28b4594072e72b8655ab) Importer(815301076,1909f56bfc062723c751e8b465ee728b)  -> (artifact id: '7a30d36709028519924478f86d46b084') in 0.288610 seconds 
  Import took 0.328759 seconds .

========================================================================
Received Prepare
Registering precompiled user dll's ...
Registered in 0.001997 seconds.
Begin MonoManager ReloadAssembly
Native extension for WindowsStandalone target not found
Native extension for WebGL target not found
Refreshing native plugins compatible for Editor in 0.31 ms, found 2 plugins.
Preloading 0 native plugins for Editor in 0.00 ms.
Mono: successfully reloaded assembly
- Completed reload, in  0.913 seconds
Domain Reload Profiling:
	ReloadAssembly (914ms)
		BeginReloadAssembly (141ms)
			ExecutionOrderSort (0ms)
			DisableScriptedObjects (5ms)
			BackupInstance (0ms)
			ReleaseScriptingObjects (0ms)
			CreateAndSetChildDomain (47ms)
		EndReloadAssembly (714ms)
			LoadAssemblies (94ms)
			RebuildTransferFunctionScriptingTraits (0ms)
			SetupTypeCache (251ms)
			ReleaseScriptCaches (1ms)
			RebuildScriptCaches (34ms)
			SetupLoadedEditorAssemblies (262ms)
				LogAssemblyErrors (0ms)
				InitializePlatformSupportModulesInManaged (5ms)
				SetLoadedEditorAssemblies (0ms)
				RefreshPlugins (0ms)
				BeforeProcessingInitializeOnLoad (70ms)
				ProcessInitializeOnLoadAttributes (172ms)
				ProcessInitializeOnLoadMethodAttributes (8ms)
				AfterProcessingInitializeOnLoad (6ms)
				EditorAssembliesLoaded (0ms)
			ExecutionOrderSort2 (0ms)
			AwakeInstancesAfterBackupRestoration (6ms)
Platform modules already initialized, skipping
Refreshing native plugins compatible for Editor in 0.30 ms, found 2 plugins.
Preloading 0 native plugins for Editor in 0.00 ms.
Unloading 1497 Unused Serialized files (Serialized files now loaded: 0)
System memory in use before: 67.9 MB.
System memory in use after: 68.0 MB.

Unloading 11 unused Assets to reduce memory usage. Loaded Objects now: 1951.
Total: 2.438800 ms (FindLiveObjects: 0.118200 ms CreateObjectMapping: 0.037000 ms MarkObjects: 2.266700 ms  DeleteObjects: 0.016100 ms)

AssetImportParameters requested are different than current active one (requested -> active):
  custom:framework-win-MediaFoundation: 216162199b28c13a410421893ffa2e32 -> 
  custom:video-decoder-ogg-theora: a1e56fd34408186e4bbccfd4996cb3dc -> 
  custom:container-muxer-webm: aa71ff27fc2769a1b78a27578f13a17b -> 
  custom:container-demuxer-webm: 4f35f7cbe854078d1ac9338744f61a02 -> 
  custom:container-demuxer-ogg: 62fdf1f143b41e24485cea50d1cbac27 -> 
  custom:video-encoder-webm-vp8: eb34c28f22e8b96e1ab97ce403110664 -> 
  custom:video-decoder-webm-vp8: 9c59270c3fd7afecdb556c50c9e8de78 -> 
  custom:audio-decoder-ogg-vorbis: bf7c407c2cedff20999df2af8eb42d56 -> 
  custom:audio-encoder-webm-vorbis: bf7c407c2cedff20999df2af8eb42d56 -> 
========================================================================
Received Import Request.
  Time since last request: 279.868563 seconds.
  path: Assets/Scenes/lvl1.unity
  artifactKey: Guid(9fc0d4010bbf28b4594072e72b8655ab) Importer(815301076,1909f56bfc062723c751e8b465ee728b)
Start importing Assets/Scenes/lvl1.unity using Guid(9fc0d4010bbf28b4594072e72b8655ab) Importer(815301076,1909f56bfc062723c751e8b465ee728b)  -> (artifact id: '18dba5e2fde9125274b77a62536878bb') in 0.010602 seconds 
  Import took 0.017743 seconds .

========================================================================
Received Prepare
Registering precompiled user dll's ...
Registered in 0.001842 seconds.
Begin MonoManager ReloadAssembly
Native extension for WindowsStandalone target not found
Native extension for WebGL target not found
Refreshing native plugins compatible for Editor in 0.31 ms, found 2 plugins.
Preloading 0 native plugins for Editor in 0.00 ms.
Mono: successfully reloaded assembly
- Completed reload, in  0.888 seconds
Domain Reload Profiling:
	ReloadAssembly (888ms)
		BeginReloadAssembly (130ms)
			ExecutionOrderSort (0ms)
			DisableScriptedObjects (4ms)
			BackupInstance (0ms)
			ReleaseScriptingObjects (0ms)
			CreateAndSetChildDomain (32ms)
		EndReloadAssembly (700ms)
			LoadAssemblies (96ms)
			RebuildTransferFunctionScriptingTraits (0ms)
			SetupTypeCache (243ms)
			ReleaseScriptCaches (1ms)
			RebuildScriptCaches (33ms)
			SetupLoadedEditorAssemblies (258ms)
				LogAssemblyErrors (0ms)
				InitializePlatformSupportModulesInManaged (5ms)
				SetLoadedEditorAssemblies (0ms)
				RefreshPlugins (0ms)
				BeforeProcessingInitializeOnLoad (68ms)
				ProcessInitializeOnLoadAttributes (170ms)
				ProcessInitializeOnLoadMethodAttributes (8ms)
				AfterProcessingInitializeOnLoad (6ms)
				EditorAssembliesLoaded (0ms)
			ExecutionOrderSort2 (0ms)
			AwakeInstancesAfterBackupRestoration (6ms)
Platform modules already initialized, skipping
Refreshing native plugins compatible for Editor in 0.30 ms, found 2 plugins.
Preloading 0 native plugins for Editor in 0.00 ms.
Unloading 1497 Unused Serialized files (Serialized files now loaded: 0)
System memory in use before: 67.9 MB.
System memory in use after: 68.0 MB.

Unloading 11 unused Assets to reduce memory usage. Loaded Objects now: 1953.
Total: 2.393600 ms (FindLiveObjects: 0.103900 ms CreateObjectMapping: 0.037700 ms MarkObjects: 2.235400 ms  DeleteObjects: 0.016000 ms)

AssetImportParameters requested are different than current active one (requested -> active):
  custom:framework-win-MediaFoundation: 216162199b28c13a410421893ffa2e32 -> 
  custom:video-decoder-ogg-theora: a1e56fd34408186e4bbccfd4996cb3dc -> 
  custom:container-muxer-webm: aa71ff27fc2769a1b78a27578f13a17b -> 
  custom:container-demuxer-webm: 4f35f7cbe854078d1ac9338744f61a02 -> 
  custom:container-demuxer-ogg: 62fdf1f143b41e24485cea50d1cbac27 -> 
  custom:video-encoder-webm-vp8: eb34c28f22e8b96e1ab97ce403110664 -> 
  custom:video-decoder-webm-vp8: 9c59270c3fd7afecdb556c50c9e8de78 -> 
  custom:audio-decoder-ogg-vorbis: bf7c407c2cedff20999df2af8eb42d56 -> 
  custom:audio-encoder-webm-vorbis: bf7c407c2cedff20999df2af8eb42d56 -> 
========================================================================
Received Import Request.
  Time since last request: 50.117771 seconds.
  path: Assets/Scenes/lvl2.unity
  artifactKey: Guid(a3f19ef7a9ad11f4fb864b1f539135e9) Importer(815301076,1909f56bfc062723c751e8b465ee728b)
Start importing Assets/Scenes/lvl2.unity using Guid(a3f19ef7a9ad11f4fb864b1f539135e9) Importer(815301076,1909f56bfc062723c751e8b465ee728b)  -> (artifact id: '0a4427d4e27a02dafe41e12e9a6032c6') in 0.009036 seconds 
  Import took 0.014703 seconds .

========================================================================
Received Prepare
Registering precompiled user dll's ...
Registered in 0.001823 seconds.
Begin MonoManager ReloadAssembly
Native extension for WindowsStandalone target not found
Native extension for WebGL target not found
Refreshing native plugins compatible for Editor in 0.31 ms, found 2 plugins.
Preloading 0 native plugins for Editor in 0.00 ms.
Mono: successfully reloaded assembly
- Completed reload, in  0.877 seconds
Domain Reload Profiling:
	ReloadAssembly (877ms)
		BeginReloadAssembly (122ms)
			ExecutionOrderSort (0ms)
			DisableScriptedObjects (4ms)
			BackupInstance (0ms)
			ReleaseScriptingObjects (0ms)
			CreateAndSetChildDomain (33ms)
		EndReloadAssembly (699ms)
			LoadAssemblies (90ms)
			RebuildTransferFunctionScriptingTraits (0ms)
			SetupTypeCache (244ms)
			ReleaseScriptCaches (1ms)
			RebuildScriptCaches (33ms)
			SetupLoadedEditorAssemblies (257ms)
				LogAssemblyErrors (0ms)
				InitializePlatformSupportModulesInManaged (5ms)
				SetLoadedEditorAssemblies (0ms)
				RefreshPlugins (0ms)
				BeforeProcessingInitializeOnLoad (66ms)
				ProcessInitializeOnLoadAttributes (171ms)
				ProcessInitializeOnLoadMethodAttributes (8ms)
				AfterProcessingInitializeOnLoad (6ms)
				EditorAssembliesLoaded (0ms)
			ExecutionOrderSort2 (0ms)
			AwakeInstancesAfterBackupRestoration (6ms)
Platform modules already initialized, skipping
Refreshing native plugins compatible for Editor in 0.30 ms, found 2 plugins.
Preloading 0 native plugins for Editor in 0.00 ms.
Unloading 1497 Unused Serialized files (Serialized files now loaded: 0)
System memory in use before: 67.9 MB.
System memory in use after: 68.0 MB.

Unloading 11 unused Assets to reduce memory usage. Loaded Objects now: 1955.
Total: 2.311500 ms (FindLiveObjects: 0.114200 ms CreateObjectMapping: 0.043400 ms MarkObjects: 2.136600 ms  DeleteObjects: 0.016400 ms)

AssetImportParameters requested are different than current active one (requested -> active):
  custom:framework-win-MediaFoundation: 216162199b28c13a410421893ffa2e32 -> 
  custom:video-decoder-ogg-theora: a1e56fd34408186e4bbccfd4996cb3dc -> 
  custom:container-muxer-webm: aa71ff27fc2769a1b78a27578f13a17b -> 
  custom:container-demuxer-webm: 4f35f7cbe854078d1ac9338744f61a02 -> 
  custom:container-demuxer-ogg: 62fdf1f143b41e24485cea50d1cbac27 -> 
  custom:video-encoder-webm-vp8: eb34c28f22e8b96e1ab97ce403110664 -> 
  custom:video-decoder-webm-vp8: 9c59270c3fd7afecdb556c50c9e8de78 -> 
  custom:audio-decoder-ogg-vorbis: bf7c407c2cedff20999df2af8eb42d56 -> 
  custom:audio-encoder-webm-vorbis: bf7c407c2cedff20999df2af8eb42d56 -> 
========================================================================
Received Import Request.
  Time since last request: 45.128170 seconds.
  path: Assets/Scenes/lvl1.unity
  artifactKey: Guid(9fc0d4010bbf28b4594072e72b8655ab) Importer(815301076,1909f56bfc062723c751e8b465ee728b)
Start importing Assets/Scenes/lvl1.unity using Guid(9fc0d4010bbf28b4594072e72b8655ab) Importer(815301076,1909f56bfc062723c751e8b465ee728b)  -> (artifact id: '383fdd535a1e05b8d75459e4120db6b4') in 0.009178 seconds 
  Import took 0.027922 seconds .

========================================================================
Received Import Request.
  Time since last request: 13640.121751 seconds.
  path: Assets/Scenes/lvl2.unity
  artifactKey: Guid(a3f19ef7a9ad11f4fb864b1f539135e9) Importer(815301076,1909f56bfc062723c751e8b465ee728b)
Start importing Assets/Scenes/lvl2.unity using Guid(a3f19ef7a9ad11f4fb864b1f539135e9) Importer(815301076,1909f56bfc062723c751e8b465ee728b)  -> (artifact id: '14bfeb2eaf53a237489adaa1889259d2') in 0.016439 seconds 
  Import took 0.071639 seconds .

========================================================================
Received Import Request.
  Time since last request: 1.714630 seconds.
  path: Assets/Scenes/lvl10.unity
  artifactKey: Guid(f4c18906e07353f489236234644a6474) Importer(815301076,1909f56bfc062723c751e8b465ee728b)
Start importing Assets/Scenes/lvl10.unity using Guid(f4c18906e07353f489236234644a6474) Importer(815301076,1909f56bfc062723c751e8b465ee728b)  -> (artifact id: 'b87de2a12db3a718f57c3682729cb659') in 0.002757 seconds 
  Import took 0.008136 seconds .

========================================================================
Received Import Request.
  Time since last request: 0.825506 seconds.
  path: Assets/Scenes/lvl9.unity
  artifactKey: Guid(1ec94f5ea601d50478abb3048c35421e) Importer(815301076,1909f56bfc062723c751e8b465ee728b)
Start importing Assets/Scenes/lvl9.unity using Guid(1ec94f5ea601d50478abb3048c35421e) Importer(815301076,1909f56bfc062723c751e8b465ee728b)  -> (artifact id: '64517ddd3afe9f282f1a62b521a6c0ac') in 0.002304 seconds 
  Import took 0.005144 seconds .

========================================================================
Received Import Request.
  Time since last request: 46.154433 seconds.
  path: Assets/Scenes/lvl5.unity
  artifactKey: Guid(87aad47ce6797ec4f9134624a6fc0c74) Importer(815301076,1909f56bfc062723c751e8b465ee728b)
Start importing Assets/Scenes/lvl5.unity using Guid(87aad47ce6797ec4f9134624a6fc0c74) Importer(815301076,1909f56bfc062723c751e8b465ee728b)  -> (artifact id: '8aff5b20ea7dc10433fde4f53bc2744b') in 0.001933 seconds 
  Import took 0.009503 seconds .

========================================================================
Received Import Request.
  Time since last request: 36962.599953 seconds.
  path: Assets/Scenes/lvl3.unity
  artifactKey: Guid(0b6ad53865667e94a82f5cfb890c5ef2) Importer(815301076,1909f56bfc062723c751e8b465ee728b)
Start importing Assets/Scenes/lvl3.unity using Guid(0b6ad53865667e94a82f5cfb890c5ef2) Importer(815301076,1909f56bfc062723c751e8b465ee728b)  -> (artifact id: '7bf3cbbd17229ef3e2a39757ffffdd88') in 0.007121 seconds 
  Import took 0.031959 seconds .

========================================================================
Received Import Request.
  Time since last request: 208.738695 seconds.
  path: Assets/Materials/New Prefab.prefab
  artifactKey: Guid(2c453c61d01b90d4cb4d3920e9f504b4) Importer(815301076,1909f56bfc062723c751e8b465ee728b)
Start importing Assets/Materials/New Prefab.prefab using Guid(2c453c61d01b90d4cb4d3920e9f504b4) Importer(815301076,1909f56bfc062723c751e8b465ee728b)  -> (artifact id: '124e35d818e3af1abecaf6f841ae886a') in 0.149617 seconds 
  Import took 0.152182 seconds .

========================================================================
Received Import Request.
  Time since last request: 31.697227 seconds.
  path: Assets/Materials/New Material.mat
  artifactKey: Guid(f4f42bdb44b33ca49a6f9e9a3e00e076) Importer(815301076,1909f56bfc062723c751e8b465ee728b)
Start importing Assets/Materials/New Material.mat using Guid(f4f42bdb44b33ca49a6f9e9a3e00e076) Importer(815301076,1909f56bfc062723c751e8b465ee728b)  -> (artifact id: '7ded9904c36103fbf7f68d7fabafbe4a') in 0.219911 seconds 
  Import took 0.235601 seconds .

========================================================================
Received Import Request.
  Time since last request: 88.019509 seconds.
  path: Assets/Materials/New Material 1.mat
  artifactKey: Guid(767a89826ea5d54489d5e1b45cee68b3) Importer(815301076,1909f56bfc062723c751e8b465ee728b)
Start importing Assets/Materials/New Material 1.mat using Guid(767a89826ea5d54489d5e1b45cee68b3) Importer(815301076,1909f56bfc062723c751e8b465ee728b)  -> (artifact id: '1b3fb5ebee867d23a10f7d12ee6a74bf') in 0.023289 seconds 
  Import took 0.026269 seconds .

========================================================================
Received Import Request.
  Time since last request: 0.000273 seconds.
  path: Assets/Materials/New Material.mat
  artifactKey: Guid(f4f42bdb44b33ca49a6f9e9a3e00e076) Importer(815301076,1909f56bfc062723c751e8b465ee728b)
Start importing Assets/Materials/New Material.mat using Guid(f4f42bdb44b33ca49a6f9e9a3e00e076) Importer(815301076,1909f56bfc062723c751e8b465ee728b)  -> (artifact id: '8f7f089e49026e15cab30ca80d666445') in 0.013027 seconds 
  Import took 0.015587 seconds .

========================================================================
Received Import Request.
  Time since last request: 18.289640 seconds.
  path: Assets/Materials/transparant.mat
  artifactKey: Guid(767a89826ea5d54489d5e1b45cee68b3) Importer(815301076,1909f56bfc062723c751e8b465ee728b)
Start importing Assets/Materials/transparant.mat using Guid(767a89826ea5d54489d5e1b45cee68b3) Importer(815301076,1909f56bfc062723c751e8b465ee728b)  -> (artifact id: 'dc23b44e92e9e9d3536b19227af8a7ae') in 0.019311 seconds 
  Import took 0.021865 seconds .

========================================================================
Received Import Request.
  Time since last request: 9.170807 seconds.
  path: Assets/Materials/yelow.mat
  artifactKey: Guid(f4f42bdb44b33ca49a6f9e9a3e00e076) Importer(815301076,1909f56bfc062723c751e8b465ee728b)
Start importing Assets/Materials/yelow.mat using Guid(f4f42bdb44b33ca49a6f9e9a3e00e076) Importer(815301076,1909f56bfc062723c751e8b465ee728b)  -> (artifact id: 'ce9bb3528ad58be4364eed35ff68a08c') in 0.024453 seconds 
  Import took 0.029761 seconds .

========================================================================
Received Import Request.
  Time since last request: 67.730394 seconds.
  path: Assets/Activator.cs
  artifactKey: Guid(b5f6ae340372b0d4c9ef15371375d2e0) Importer(815301076,1909f56bfc062723c751e8b465ee728b)
Start importing Assets/Activator.cs using Guid(b5f6ae340372b0d4c9ef15371375d2e0) Importer(815301076,1909f56bfc062723c751e8b465ee728b)  -> (artifact id: 'dfe4752c28037d8ba40fa44017755815') in 0.028637 seconds 
  Import took 0.031072 seconds .

========================================================================
Received Prepare
Registering precompiled user dll's ...
Registered in 0.001869 seconds.
Begin MonoManager ReloadAssembly
Native extension for WindowsStandalone target not found
Native extension for WebGL target not found
Refreshing native plugins compatible for Editor in 0.33 ms, found 2 plugins.
Preloading 0 native plugins for Editor in 0.00 ms.
Mono: successfully reloaded assembly
- Completed reload, in  1.063 seconds
Domain Reload Profiling:
	ReloadAssembly (1064ms)
		BeginReloadAssembly (223ms)
			ExecutionOrderSort (0ms)
			DisableScriptedObjects (7ms)
			BackupInstance (0ms)
			ReleaseScriptingObjects (0ms)
			CreateAndSetChildDomain (88ms)
		EndReloadAssembly (781ms)
			LoadAssemblies (198ms)
			RebuildTransferFunctionScriptingTraits (0ms)
			SetupTypeCache (253ms)
			ReleaseScriptCaches (1ms)
			RebuildScriptCaches (34ms)
			SetupLoadedEditorAssemblies (263ms)
				LogAssemblyErrors (0ms)
				InitializePlatformSupportModulesInManaged (5ms)
				SetLoadedEditorAssemblies (1ms)
				RefreshPlugins (0ms)
				BeforeProcessingInitializeOnLoad (68ms)
				ProcessInitializeOnLoadAttributes (172ms)
				ProcessInitializeOnLoadMethodAttributes (10ms)
				AfterProcessingInitializeOnLoad (6ms)
				EditorAssembliesLoaded (0ms)
			ExecutionOrderSort2 (0ms)
			AwakeInstancesAfterBackupRestoration (6ms)
Platform modules already initialized, skipping
Refreshing native plugins compatible for Editor in 0.31 ms, found 2 plugins.
Preloading 0 native plugins for Editor in 0.00 ms.
Unloading 1498 Unused Serialized files (Serialized files now loaded: 0)
System memory in use before: 71.3 MB.
System memory in use after: 71.4 MB.

Unloading 11 unused Assets to reduce memory usage. Loaded Objects now: 1998.
Total: 2.426900 ms (FindLiveObjects: 0.118100 ms CreateObjectMapping: 0.045300 ms MarkObjects: 2.240000 ms  DeleteObjects: 0.022700 ms)

AssetImportParameters requested are different than current active one (requested -> active):
  custom:framework-win-MediaFoundation: 216162199b28c13a410421893ffa2e32 -> 
  custom:video-decoder-ogg-theora: a1e56fd34408186e4bbccfd4996cb3dc -> 
  custom:container-muxer-webm: aa71ff27fc2769a1b78a27578f13a17b -> 
  custom:container-demuxer-webm: 4f35f7cbe854078d1ac9338744f61a02 -> 
  custom:container-demuxer-ogg: 62fdf1f143b41e24485cea50d1cbac27 -> 
  custom:video-encoder-webm-vp8: eb34c28f22e8b96e1ab97ce403110664 -> 
  custom:video-decoder-webm-vp8: 9c59270c3fd7afecdb556c50c9e8de78 -> 
  custom:audio-decoder-ogg-vorbis: bf7c407c2cedff20999df2af8eb42d56 -> 
  custom:audio-encoder-webm-vorbis: bf7c407c2cedff20999df2af8eb42d56 -> 
========================================================================
Received Prepare
Registering precompiled user dll's ...
Registered in 0.041153 seconds.
Begin MonoManager ReloadAssembly
Native extension for WindowsStandalone target not found
Native extension for WebGL target not found
Refreshing native plugins compatible for Editor in 0.30 ms, found 2 plugins.
Preloading 0 native plugins for Editor in 0.00 ms.
Mono: successfully reloaded assembly
- Completed reload, in  0.934 seconds
Domain Reload Profiling:
	ReloadAssembly (935ms)
		BeginReloadAssembly (167ms)
			ExecutionOrderSort (0ms)
			DisableScriptedObjects (4ms)
			BackupInstance (0ms)
			ReleaseScriptingObjects (0ms)
			CreateAndSetChildDomain (36ms)
		EndReloadAssembly (708ms)
			LoadAssemblies (149ms)
			RebuildTransferFunctionScriptingTraits (0ms)
			SetupTypeCache (240ms)
			ReleaseScriptCaches (1ms)
			RebuildScriptCaches (34ms)
			SetupLoadedEditorAssemblies (247ms)
				LogAssemblyErrors (0ms)
				InitializePlatformSupportModulesInManaged (5ms)
				SetLoadedEditorAssemblies (1ms)
				RefreshPlugins (0ms)
				BeforeProcessingInitializeOnLoad (63ms)
				ProcessInitializeOnLoadAttributes (165ms)
				ProcessInitializeOnLoadMethodAttributes (7ms)
				AfterProcessingInitializeOnLoad (6ms)
				EditorAssembliesLoaded (0ms)
			ExecutionOrderSort2 (0ms)
			AwakeInstancesAfterBackupRestoration (6ms)
Platform modules already initialized, skipping
Refreshing native plugins compatible for Editor in 0.54 ms, found 2 plugins.
Preloading 0 native plugins for Editor in 0.00 ms.
Unloading 1498 Unused Serialized files (Serialized files now loaded: 0)
System memory in use before: 71.3 MB.
System memory in use after: 71.4 MB.

Unloading 11 unused Assets to reduce memory usage. Loaded Objects now: 2000.
Total: 2.381400 ms (FindLiveObjects: 0.109600 ms CreateObjectMapping: 0.040600 ms MarkObjects: 2.213000 ms  DeleteObjects: 0.017600 ms)

AssetImportParameters requested are different than current active one (requested -> active):
  custom:framework-win-MediaFoundation: 216162199b28c13a410421893ffa2e32 -> 
  custom:video-decoder-ogg-theora: a1e56fd34408186e4bbccfd4996cb3dc -> 
  custom:container-muxer-webm: aa71ff27fc2769a1b78a27578f13a17b -> 
  custom:container-demuxer-webm: 4f35f7cbe854078d1ac9338744f61a02 -> 
  custom:container-demuxer-ogg: 62fdf1f143b41e24485cea50d1cbac27 -> 
  custom:video-encoder-webm-vp8: eb34c28f22e8b96e1ab97ce403110664 -> 
  custom:video-decoder-webm-vp8: 9c59270c3fd7afecdb556c50c9e8de78 -> 
  custom:audio-decoder-ogg-vorbis: bf7c407c2cedff20999df2af8eb42d56 -> 
  custom:audio-encoder-webm-vorbis: bf7c407c2cedff20999df2af8eb42d56 -> 
========================================================================
Received Import Request.
  Time since last request: 2802.753665 seconds.
  path: Assets/Activator.cs
  artifactKey: Guid(b5f6ae340372b0d4c9ef15371375d2e0) Importer(815301076,1909f56bfc062723c751e8b465ee728b)
Start importing Assets/Activator.cs using Guid(b5f6ae340372b0d4c9ef15371375d2e0) Importer(815301076,1909f56bfc062723c751e8b465ee728b)  -> (artifact id: 'bc678481f95ef7c4d5a967efaf62ec13') in 0.003900 seconds 
  Import took 0.013607 seconds .

========================================================================
Received Import Request.
  Time since last request: 90.308125 seconds.
  path: Assets/Materials/transparant.mat
  artifactKey: Guid(767a89826ea5d54489d5e1b45cee68b3) Importer(815301076,1909f56bfc062723c751e8b465ee728b)
Start importing Assets/Materials/transparant.mat using Guid(767a89826ea5d54489d5e1b45cee68b3) Importer(815301076,1909f56bfc062723c751e8b465ee728b)  -> (artifact id: '6f09ec680c527160f1244af7c931029a') in 0.089275 seconds 
  Import took 0.091812 seconds .

========================================================================
Received Prepare
Registering precompiled user dll's ...
Registered in 0.001902 seconds.
Begin MonoManager ReloadAssembly
Native extension for WindowsStandalone target not found
Native extension for WebGL target not found
Refreshing native plugins compatible for Editor in 0.33 ms, found 2 plugins.
Preloading 0 native plugins for Editor in 0.00 ms.
Mono: successfully reloaded assembly
- Completed reload, in  0.882 seconds
Domain Reload Profiling:
	ReloadAssembly (882ms)
		BeginReloadAssembly (111ms)
			ExecutionOrderSort (0ms)
			DisableScriptedObjects (4ms)
			BackupInstance (0ms)
			ReleaseScriptingObjects (0ms)
			CreateAndSetChildDomain (29ms)
		EndReloadAssembly (713ms)
			LoadAssemblies (95ms)
			RebuildTransferFunctionScriptingTraits (0ms)
			SetupTypeCache (239ms)
			ReleaseScriptCaches (1ms)
			RebuildScriptCaches (35ms)
			SetupLoadedEditorAssemblies (267ms)
				LogAssemblyErrors (0ms)
				InitializePlatformSupportModulesInManaged (6ms)
				SetLoadedEditorAssemblies (1ms)
				RefreshPlugins (0ms)
				BeforeProcessingInitializeOnLoad (67ms)
				ProcessInitializeOnLoadAttributes (178ms)
				ProcessInitializeOnLoadMethodAttributes (8ms)
				AfterProcessingInitializeOnLoad (6ms)
				EditorAssembliesLoaded (0ms)
			ExecutionOrderSort2 (0ms)
			AwakeInstancesAfterBackupRestoration (6ms)
Platform modules already initialized, skipping
Refreshing native plugins compatible for Editor in 0.33 ms, found 2 plugins.
Preloading 0 native plugins for Editor in 0.00 ms.
Unloading 1498 Unused Serialized files (Serialized files now loaded: 0)
System memory in use before: 71.3 MB.
System memory in use after: 71.4 MB.

Unloading 11 unused Assets to reduce memory usage. Loaded Objects now: 2003.
Total: 2.939900 ms (FindLiveObjects: 0.153900 ms CreateObjectMapping: 0.047100 ms MarkObjects: 2.708800 ms  DeleteObjects: 0.029300 ms)

AssetImportParameters requested are different than current active one (requested -> active):
  custom:framework-win-MediaFoundation: 216162199b28c13a410421893ffa2e32 -> 
  custom:video-decoder-ogg-theora: a1e56fd34408186e4bbccfd4996cb3dc -> 
  custom:container-muxer-webm: aa71ff27fc2769a1b78a27578f13a17b -> 
  custom:container-demuxer-webm: 4f35f7cbe854078d1ac9338744f61a02 -> 
  custom:container-demuxer-ogg: 62fdf1f143b41e24485cea50d1cbac27 -> 
  custom:video-encoder-webm-vp8: eb34c28f22e8b96e1ab97ce403110664 -> 
  custom:video-decoder-webm-vp8: 9c59270c3fd7afecdb556c50c9e8de78 -> 
  custom:audio-decoder-ogg-vorbis: bf7c407c2cedff20999df2af8eb42d56 -> 
  custom:audio-encoder-webm-vorbis: bf7c407c2cedff20999df2af8eb42d56 -> 
========================================================================
Received Prepare
Registering precompiled user dll's ...
Registered in 0.002317 seconds.
Begin MonoManager ReloadAssembly
Native extension for WindowsStandalone target not found
Native extension for WebGL target not found
Refreshing native plugins compatible for Editor in 0.30 ms, found 2 plugins.
Preloading 0 native plugins for Editor in 0.00 ms.
Mono: successfully reloaded assembly
- Completed reload, in  1.013 seconds
Domain Reload Profiling:
	ReloadAssembly (1014ms)
		BeginReloadAssembly (117ms)
			ExecutionOrderSort (0ms)
			DisableScriptedObjects (4ms)
			BackupInstance (0ms)
			ReleaseScriptingObjects (0ms)
			CreateAndSetChildDomain (28ms)
		EndReloadAssembly (827ms)
			LoadAssemblies (107ms)
			RebuildTransferFunctionScriptingTraits (0ms)
			SetupTypeCache (304ms)
			ReleaseScriptCaches (1ms)
			RebuildScriptCaches (39ms)
			SetupLoadedEditorAssemblies (295ms)
				LogAssemblyErrors (0ms)
				InitializePlatformSupportModulesInManaged (5ms)
				SetLoadedEditorAssemblies (0ms)
				RefreshPlugins (0ms)
				BeforeProcessingInitializeOnLoad (77ms)
				ProcessInitializeOnLoadAttributes (191ms)
				ProcessInitializeOnLoadMethodAttributes (9ms)
				AfterProcessingInitializeOnLoad (11ms)
				EditorAssembliesLoaded (0ms)
			ExecutionOrderSort2 (0ms)
			AwakeInstancesAfterBackupRestoration (7ms)
Platform modules already initialized, skipping
Refreshing native plugins compatible for Editor in 0.31 ms, found 2 plugins.
Preloading 0 native plugins for Editor in 0.00 ms.
Unloading 1498 Unused Serialized files (Serialized files now loaded: 0)
System memory in use before: 71.3 MB.
System memory in use after: 71.4 MB.

Unloading 11 unused Assets to reduce memory usage. Loaded Objects now: 2005.
Total: 3.842500 ms (FindLiveObjects: 0.107000 ms CreateObjectMapping: 0.038400 ms MarkObjects: 3.667700 ms  DeleteObjects: 0.028200 ms)

AssetImportParameters requested are different than current active one (requested -> active):
  custom:framework-win-MediaFoundation: 216162199b28c13a410421893ffa2e32 -> 
  custom:video-decoder-ogg-theora: a1e56fd34408186e4bbccfd4996cb3dc -> 
  custom:container-muxer-webm: aa71ff27fc2769a1b78a27578f13a17b -> 
  custom:container-demuxer-webm: 4f35f7cbe854078d1ac9338744f61a02 -> 
  custom:container-demuxer-ogg: 62fdf1f143b41e24485cea50d1cbac27 -> 
  custom:video-encoder-webm-vp8: eb34c28f22e8b96e1ab97ce403110664 -> 
  custom:video-decoder-webm-vp8: 9c59270c3fd7afecdb556c50c9e8de78 -> 
  custom:audio-decoder-ogg-vorbis: bf7c407c2cedff20999df2af8eb42d56 -> 
  custom:audio-encoder-webm-vorbis: bf7c407c2cedff20999df2af8eb42d56 -> 
========================================================================
Received Prepare
Registering precompiled user dll's ...
Registered in 0.001916 seconds.
Begin MonoManager ReloadAssembly
Native extension for WindowsStandalone target not found
Native extension for WebGL target not found
Refreshing native plugins compatible for Editor in 0.31 ms, found 2 plugins.
Preloading 0 native plugins for Editor in 0.00 ms.
Mono: successfully reloaded assembly
- Completed reload, in  0.977 seconds
Domain Reload Profiling:
	ReloadAssembly (978ms)
		BeginReloadAssembly (118ms)
			ExecutionOrderSort (0ms)
			DisableScriptedObjects (4ms)
			BackupInstance (0ms)
			ReleaseScriptingObjects (0ms)
			CreateAndSetChildDomain (29ms)
		EndReloadAssembly (797ms)
			LoadAssemblies (109ms)
			RebuildTransferFunctionScriptingTraits (0ms)
			SetupTypeCache (275ms)
			ReleaseScriptCaches (1ms)
			RebuildScriptCaches (38ms)
			SetupLoadedEditorAssemblies (290ms)
				LogAssemblyErrors (0ms)
				InitializePlatformSupportModulesInManaged (5ms)
				SetLoadedEditorAssemblies (0ms)
				RefreshPlugins (0ms)
				BeforeProcessingInitializeOnLoad (76ms)
				ProcessInitializeOnLoadAttributes (193ms)
				ProcessInitializeOnLoadMethodAttributes (8ms)
				AfterProcessingInitializeOnLoad (7ms)
				EditorAssembliesLoaded (0ms)
			ExecutionOrderSort2 (0ms)
			AwakeInstancesAfterBackupRestoration (6ms)
Platform modules already initialized, skipping
Refreshing native plugins compatible for Editor in 0.41 ms, found 2 plugins.
Preloading 0 native plugins for Editor in 0.00 ms.
Unloading 1498 Unused Serialized files (Serialized files now loaded: 0)
System memory in use before: 71.3 MB.
System memory in use after: 71.4 MB.

Unloading 11 unused Assets to reduce memory usage. Loaded Objects now: 2007.
Total: 2.440400 ms (FindLiveObjects: 0.123100 ms CreateObjectMapping: 0.040000 ms MarkObjects: 2.259900 ms  DeleteObjects: 0.016900 ms)

AssetImportParameters requested are different than current active one (requested -> active):
  custom:framework-win-MediaFoundation: 216162199b28c13a410421893ffa2e32 -> 
  custom:video-decoder-ogg-theora: a1e56fd34408186e4bbccfd4996cb3dc -> 
  custom:container-muxer-webm: aa71ff27fc2769a1b78a27578f13a17b -> 
  custom:container-demuxer-webm: 4f35f7cbe854078d1ac9338744f61a02 -> 
  custom:container-demuxer-ogg: 62fdf1f143b41e24485cea50d1cbac27 -> 
  custom:video-encoder-webm-vp8: eb34c28f22e8b96e1ab97ce403110664 -> 
  custom:video-decoder-webm-vp8: 9c59270c3fd7afecdb556c50c9e8de78 -> 
  custom:audio-decoder-ogg-vorbis: bf7c407c2cedff20999df2af8eb42d56 -> 
  custom:audio-encoder-webm-vorbis: bf7c407c2cedff20999df2af8eb42d56 -> 
========================================================================
Received Prepare
Registering precompiled user dll's ...
Registered in 0.001912 seconds.
Begin MonoManager ReloadAssembly
Native extension for WindowsStandalone target not found
Native extension for WebGL target not found
Refreshing native plugins compatible for Editor in 0.30 ms, found 2 plugins.
Preloading 0 native plugins for Editor in 0.00 ms.
Mono: successfully reloaded assembly
- Completed reload, in  0.867 seconds
Domain Reload Profiling:
	ReloadAssembly (868ms)
		BeginReloadAssembly (104ms)
			ExecutionOrderSort (0ms)
			DisableScriptedObjects (5ms)
			BackupInstance (0ms)
			ReleaseScriptingObjects (0ms)
			CreateAndSetChildDomain (25ms)
		EndReloadAssembly (706ms)
			LoadAssemblies (90ms)
			RebuildTransferFunctionScriptingTraits (0ms)
			SetupTypeCache (243ms)
			ReleaseScriptCaches (1ms)
			RebuildScriptCaches (35ms)
			SetupLoadedEditorAssemblies (260ms)
				LogAssemblyErrors (0ms)
				InitializePlatformSupportModulesInManaged (5ms)
				SetLoadedEditorAssemblies (0ms)
				RefreshPlugins (0ms)
				BeforeProcessingInitializeOnLoad (67ms)
				ProcessInitializeOnLoadAttributes (173ms)
				ProcessInitializeOnLoadMethodAttributes (8ms)
				AfterProcessingInitializeOnLoad (7ms)
				EditorAssembliesLoaded (0ms)
			ExecutionOrderSort2 (0ms)
			AwakeInstancesAfterBackupRestoration (6ms)
Platform modules already initialized, skipping
Refreshing native plugins compatible for Editor in 0.30 ms, found 2 plugins.
Preloading 0 native plugins for Editor in 0.00 ms.
Unloading 1498 Unused Serialized files (Serialized files now loaded: 0)
System memory in use before: 71.3 MB.
System memory in use after: 71.4 MB.

Unloading 11 unused Assets to reduce memory usage. Loaded Objects now: 2009.
Total: 2.346500 ms (FindLiveObjects: 0.112700 ms CreateObjectMapping: 0.040600 ms MarkObjects: 2.174900 ms  DeleteObjects: 0.017600 ms)

AssetImportParameters requested are different than current active one (requested -> active):
  custom:framework-win-MediaFoundation: 216162199b28c13a410421893ffa2e32 -> 
  custom:video-decoder-ogg-theora: a1e56fd34408186e4bbccfd4996cb3dc -> 
  custom:container-muxer-webm: aa71ff27fc2769a1b78a27578f13a17b -> 
  custom:container-demuxer-webm: 4f35f7cbe854078d1ac9338744f61a02 -> 
  custom:container-demuxer-ogg: 62fdf1f143b41e24485cea50d1cbac27 -> 
  custom:video-encoder-webm-vp8: eb34c28f22e8b96e1ab97ce403110664 -> 
  custom:video-decoder-webm-vp8: 9c59270c3fd7afecdb556c50c9e8de78 -> 
  custom:audio-decoder-ogg-vorbis: bf7c407c2cedff20999df2af8eb42d56 -> 
  custom:audio-encoder-webm-vorbis: bf7c407c2cedff20999df2af8eb42d56 -> 
========================================================================
Received Import Request.
  Time since last request: 739.427418 seconds.
  path: Assets/Player.cs
  artifactKey: Guid(9644a528926289e4892da6203c2ff943) Importer(815301076,1909f56bfc062723c751e8b465ee728b)
Start importing Assets/Player.cs using Guid(9644a528926289e4892da6203c2ff943) Importer(815301076,1909f56bfc062723c751e8b465ee728b)  -> (artifact id: '62e1025e5c8206089426528cea57e336') in 0.003155 seconds 
  Import took 0.017625 seconds .

========================================================================
Received Import Request.
  Time since last request: 0.711507 seconds.
  path: Assets/Activator.cs
  artifactKey: Guid(b5f6ae340372b0d4c9ef15371375d2e0) Importer(815301076,1909f56bfc062723c751e8b465ee728b)
Start importing Assets/Activator.cs using Guid(b5f6ae340372b0d4c9ef15371375d2e0) Importer(815301076,1909f56bfc062723c751e8b465ee728b)  -> (artifact id: '56ac2f92cf68f887ecb7771518dad905') in 0.001278 seconds 
  Import took 0.015615 seconds .

========================================================================
Received Prepare
Refreshing native plugins compatible for Editor in 1.70 ms, found 2 plugins.
Preloading 0 native plugins for Editor in 0.00 ms.
Unloading 9 Unused Serialized files (Serialized files now loaded: 0)
System memory in use before: 41.9 MB.
System memory in use after: 42.0 MB.

Unloading 9 unused Assets to reduce memory usage. Loaded Objects now: 2009.
Total: 2.365800 ms (FindLiveObjects: 0.121000 ms CreateObjectMapping: 0.048000 ms MarkObjects: 2.165300 ms  DeleteObjects: 0.030900 ms)

AssetImportParameters requested are different than current active one (requested -> active):
  custom:framework-win-MediaFoundation: 216162199b28c13a410421893ffa2e32 -> 
  custom:video-decoder-ogg-theora: a1e56fd34408186e4bbccfd4996cb3dc -> 
  custom:container-muxer-webm: aa71ff27fc2769a1b78a27578f13a17b -> 
  custom:container-demuxer-webm: 4f35f7cbe854078d1ac9338744f61a02 -> 
  custom:container-demuxer-ogg: 62fdf1f143b41e24485cea50d1cbac27 -> 
  custom:video-encoder-webm-vp8: eb34c28f22e8b96e1ab97ce403110664 -> 
  custom:video-decoder-webm-vp8: 9c59270c3fd7afecdb556c50c9e8de78 -> 
  custom:audio-decoder-ogg-vorbis: bf7c407c2cedff20999df2af8eb42d56 -> 
  custom:audio-encoder-webm-vorbis: bf7c407c2cedff20999df2af8eb42d56 -> 
AssetImportWorkerClient::OnTransportError - code=2 error=End of file
